Start testing: Feb 07 10:48 CET
----------------------------------------------------------
1/89 Testing: BuilderTest.ConstructorValidation
1/89 Test: BuilderTest.ConstructorValidation
Command: "/home/mert/Hist-Tree/build/builder_test" "--gtest_filter=BuilderTest.ConstructorValidation" "--gtest_also_run_disabled_tests"
Directory: /home/mert/Hist-Tree/build
"BuilderTest.ConstructorValidation" start time: Feb 07 10:48 CET
Output:
----------------------------------------------------------
Note: Google Test filter = BuilderTest.ConstructorValidation
[==========] Running 1 test from 1 test suite.
[----------] Global test environment set-up.
[----------] 1 test from BuilderTest
[ RUN      ] BuilderTest.ConstructorValidation
[       OK ] BuilderTest.ConstructorValidation (0 ms)
[----------] 1 test from BuilderTest (0 ms total)

[----------] Global test environment tear-down
[==========] 1 test from 1 test suite ran. (0 ms total)
[  PASSED  ] 1 test.
<end of output>
Test time =   0.00 sec
----------------------------------------------------------
Test Passed.
"BuilderTest.ConstructorValidation" end time: Feb 07 10:48 CET
"BuilderTest.ConstructorValidation" time elapsed: 00:00:00
----------------------------------------------------------

2/89 Testing: BuilderTest.ConstructorInitialization
2/89 Test: BuilderTest.ConstructorInitialization
Command: "/home/mert/Hist-Tree/build/builder_test" "--gtest_filter=BuilderTest.ConstructorInitialization" "--gtest_also_run_disabled_tests"
Directory: /home/mert/Hist-Tree/build
"BuilderTest.ConstructorInitialization" start time: Feb 07 10:48 CET
Output:
----------------------------------------------------------
Note: Google Test filter = BuilderTest.ConstructorInitialization
[==========] Running 1 test from 1 test suite.
[----------] Global test environment set-up.
[----------] 1 test from BuilderTest
[ RUN      ] BuilderTest.ConstructorInitialization
[       OK ] BuilderTest.ConstructorInitialization (0 ms)
[----------] 1 test from BuilderTest (0 ms total)

[----------] Global test environment tear-down
[==========] 1 test from 1 test suite ran. (0 ms total)
[  PASSED  ] 1 test.
<end of output>
Test time =   0.00 sec
----------------------------------------------------------
Test Passed.
"BuilderTest.ConstructorInitialization" end time: Feb 07 10:48 CET
"BuilderTest.ConstructorInitialization" time elapsed: 00:00:00
----------------------------------------------------------

3/89 Testing: BuilderTest.ConstructorEdgeCases
3/89 Test: BuilderTest.ConstructorEdgeCases
Command: "/home/mert/Hist-Tree/build/builder_test" "--gtest_filter=BuilderTest.ConstructorEdgeCases" "--gtest_also_run_disabled_tests"
Directory: /home/mert/Hist-Tree/build
"BuilderTest.ConstructorEdgeCases" start time: Feb 07 10:48 CET
Output:
----------------------------------------------------------
Note: Google Test filter = BuilderTest.ConstructorEdgeCases
[==========] Running 1 test from 1 test suite.
[----------] Global test environment set-up.
[----------] 1 test from BuilderTest
[ RUN      ] BuilderTest.ConstructorEdgeCases
[       OK ] BuilderTest.ConstructorEdgeCases (9102 ms)
[----------] 1 test from BuilderTest (9102 ms total)

[----------] Global test environment tear-down
[==========] 1 test from 1 test suite ran. (9102 ms total)
[  PASSED  ] 1 test.
<end of output>
Test time =   9.11 sec
----------------------------------------------------------
Test Passed.
"BuilderTest.ConstructorEdgeCases" end time: Feb 07 10:48 CET
"BuilderTest.ConstructorEdgeCases" time elapsed: 00:00:09
----------------------------------------------------------

4/89 Testing: BuilderTest.CreateBitVectorBasic
4/89 Test: BuilderTest.CreateBitVectorBasic
Command: "/home/mert/Hist-Tree/build/builder_test" "--gtest_filter=BuilderTest.CreateBitVectorBasic" "--gtest_also_run_disabled_tests"
Directory: /home/mert/Hist-Tree/build
"BuilderTest.CreateBitVectorBasic" start time: Feb 07 10:48 CET
Output:
----------------------------------------------------------
Note: Google Test filter = BuilderTest.CreateBitVectorBasic
[==========] Running 1 test from 1 test suite.
[----------] Global test environment set-up.
[----------] 1 test from BuilderTest
[ RUN      ] BuilderTest.CreateBitVectorBasic
[       OK ] BuilderTest.CreateBitVectorBasic (0 ms)
[----------] 1 test from BuilderTest (0 ms total)

[----------] Global test environment tear-down
[==========] 1 test from 1 test suite ran. (0 ms total)
[  PASSED  ] 1 test.
<end of output>
Test time =   0.01 sec
----------------------------------------------------------
Test Passed.
"BuilderTest.CreateBitVectorBasic" end time: Feb 07 10:48 CET
"BuilderTest.CreateBitVectorBasic" time elapsed: 00:00:00
----------------------------------------------------------

5/89 Testing: BuilderTest.CreateBitVectorSparse
5/89 Test: BuilderTest.CreateBitVectorSparse
Command: "/home/mert/Hist-Tree/build/builder_test" "--gtest_filter=BuilderTest.CreateBitVectorSparse" "--gtest_also_run_disabled_tests"
Directory: /home/mert/Hist-Tree/build
"BuilderTest.CreateBitVectorSparse" start time: Feb 07 10:48 CET
Output:
----------------------------------------------------------
Note: Google Test filter = BuilderTest.CreateBitVectorSparse
[==========] Running 1 test from 1 test suite.
[----------] Global test environment set-up.
[----------] 1 test from BuilderTest
[ RUN      ] BuilderTest.CreateBitVectorSparse
[       OK ] BuilderTest.CreateBitVectorSparse (0 ms)
[----------] 1 test from BuilderTest (0 ms total)

[----------] Global test environment tear-down
[==========] 1 test from 1 test suite ran. (0 ms total)
[  PASSED  ] 1 test.
<end of output>
Test time =   0.01 sec
----------------------------------------------------------
Test Passed.
"BuilderTest.CreateBitVectorSparse" end time: Feb 07 10:48 CET
"BuilderTest.CreateBitVectorSparse" time elapsed: 00:00:00
----------------------------------------------------------

6/89 Testing: BuilderTest.CreateBitVectorSIMDComparison
6/89 Test: BuilderTest.CreateBitVectorSIMDComparison
Command: "/home/mert/Hist-Tree/build/builder_test" "--gtest_filter=BuilderTest.CreateBitVectorSIMDComparison" "--gtest_also_run_disabled_tests"
Directory: /home/mert/Hist-Tree/build
"BuilderTest.CreateBitVectorSIMDComparison" start time: Feb 07 10:48 CET
Output:
----------------------------------------------------------
Note: Google Test filter = BuilderTest.CreateBitVectorSIMDComparison
[==========] Running 1 test from 1 test suite.
[----------] Global test environment set-up.
[----------] 1 test from BuilderTest
[ RUN      ] BuilderTest.CreateBitVectorSIMDComparison
Regular: 11111111
SIMD: 11111111
[       OK ] BuilderTest.CreateBitVectorSIMDComparison (0 ms)
[----------] 1 test from BuilderTest (0 ms total)

[----------] Global test environment tear-down
[==========] 1 test from 1 test suite ran. (0 ms total)
[  PASSED  ] 1 test.
<end of output>
Test time =   0.01 sec
----------------------------------------------------------
Test Passed.
"BuilderTest.CreateBitVectorSIMDComparison" end time: Feb 07 10:48 CET
"BuilderTest.CreateBitVectorSIMDComparison" time elapsed: 00:00:00
----------------------------------------------------------

7/89 Testing: BuilderTest.PartitionVectorUniform
7/89 Test: BuilderTest.PartitionVectorUniform
Command: "/home/mert/Hist-Tree/build/builder_test" "--gtest_filter=BuilderTest.PartitionVectorUniform" "--gtest_also_run_disabled_tests"
Directory: /home/mert/Hist-Tree/build
"BuilderTest.PartitionVectorUniform" start time: Feb 07 10:48 CET
Output:
----------------------------------------------------------
Note: Google Test filter = BuilderTest.PartitionVectorUniform
[==========] Running 1 test from 1 test suite.
[----------] Global test environment set-up.
[----------] 1 test from BuilderTest
[ RUN      ] BuilderTest.PartitionVectorUniform
[       OK ] BuilderTest.PartitionVectorUniform (28 ms)
[----------] 1 test from BuilderTest (28 ms total)

[----------] Global test environment tear-down
[==========] 1 test from 1 test suite ran. (28 ms total)
[  PASSED  ] 1 test.
<end of output>
Test time =   0.04 sec
----------------------------------------------------------
Test Passed.
"BuilderTest.PartitionVectorUniform" end time: Feb 07 10:48 CET
"BuilderTest.PartitionVectorUniform" time elapsed: 00:00:00
----------------------------------------------------------

8/89 Testing: BuilderTest.PartitionVectorUneven
8/89 Test: BuilderTest.PartitionVectorUneven
Command: "/home/mert/Hist-Tree/build/builder_test" "--gtest_filter=BuilderTest.PartitionVectorUneven" "--gtest_also_run_disabled_tests"
Directory: /home/mert/Hist-Tree/build
"BuilderTest.PartitionVectorUneven" start time: Feb 07 10:48 CET
Output:
----------------------------------------------------------
Note: Google Test filter = BuilderTest.PartitionVectorUneven
[==========] Running 1 test from 1 test suite.
[----------] Global test environment set-up.
[----------] 1 test from BuilderTest
[ RUN      ] BuilderTest.PartitionVectorUneven
[       OK ] BuilderTest.PartitionVectorUneven (10 ms)
[----------] 1 test from BuilderTest (11 ms total)

[----------] Global test environment tear-down
[==========] 1 test from 1 test suite ran. (11 ms total)
[  PASSED  ] 1 test.
<end of output>
Test time =   0.03 sec
----------------------------------------------------------
Test Passed.
"BuilderTest.PartitionVectorUneven" end time: Feb 07 10:48 CET
"BuilderTest.PartitionVectorUneven" time elapsed: 00:00:00
----------------------------------------------------------

9/89 Testing: BuilderTest.PartitionVectorPrecise
9/89 Test: BuilderTest.PartitionVectorPrecise
Command: "/home/mert/Hist-Tree/build/builder_test" "--gtest_filter=BuilderTest.PartitionVectorPrecise" "--gtest_also_run_disabled_tests"
Directory: /home/mert/Hist-Tree/build
"BuilderTest.PartitionVectorPrecise" start time: Feb 07 10:48 CET
Output:
----------------------------------------------------------
Note: Google Test filter = BuilderTest.PartitionVectorPrecise
[==========] Running 1 test from 1 test suite.
[----------] Global test environment set-up.
[----------] 1 test from BuilderTest
[ RUN      ] BuilderTest.PartitionVectorPrecise
[       OK ] BuilderTest.PartitionVectorPrecise (14 ms)
[----------] 1 test from BuilderTest (14 ms total)

[----------] Global test environment tear-down
[==========] 1 test from 1 test suite ran. (14 ms total)
[  PASSED  ] 1 test.
<end of output>
Test time =   0.03 sec
----------------------------------------------------------
Test Passed.
"BuilderTest.PartitionVectorPrecise" end time: Feb 07 10:48 CET
"BuilderTest.PartitionVectorPrecise" time elapsed: 00:00:00
----------------------------------------------------------

10/89 Testing: BuilderTest.CountBinElementsUniform
10/89 Test: BuilderTest.CountBinElementsUniform
Command: "/home/mert/Hist-Tree/build/builder_test" "--gtest_filter=BuilderTest.CountBinElementsUniform" "--gtest_also_run_disabled_tests"
Directory: /home/mert/Hist-Tree/build
"BuilderTest.CountBinElementsUniform" start time: Feb 07 10:48 CET
Output:
----------------------------------------------------------
Note: Google Test filter = BuilderTest.CountBinElementsUniform
[==========] Running 1 test from 1 test suite.
[----------] Global test environment set-up.
[----------] 1 test from BuilderTest
[ RUN      ] BuilderTest.CountBinElementsUniform
[       OK ] BuilderTest.CountBinElementsUniform (0 ms)
[----------] 1 test from BuilderTest (0 ms total)

[----------] Global test environment tear-down
[==========] 1 test from 1 test suite ran. (0 ms total)
[  PASSED  ] 1 test.
<end of output>
Test time =   0.01 sec
----------------------------------------------------------
Test Passed.
"BuilderTest.CountBinElementsUniform" end time: Feb 07 10:48 CET
"BuilderTest.CountBinElementsUniform" time elapsed: 00:00:00
----------------------------------------------------------

11/89 Testing: BuilderTest.CountBinElementsEmpty
11/89 Test: BuilderTest.CountBinElementsEmpty
Command: "/home/mert/Hist-Tree/build/builder_test" "--gtest_filter=BuilderTest.CountBinElementsEmpty" "--gtest_also_run_disabled_tests"
Directory: /home/mert/Hist-Tree/build
"BuilderTest.CountBinElementsEmpty" start time: Feb 07 10:48 CET
Output:
----------------------------------------------------------
Note: Google Test filter = BuilderTest.CountBinElementsEmpty
[==========] Running 1 test from 1 test suite.
[----------] Global test environment set-up.
[----------] 1 test from BuilderTest
[ RUN      ] BuilderTest.CountBinElementsEmpty
[       OK ] BuilderTest.CountBinElementsEmpty (0 ms)
[----------] 1 test from BuilderTest (0 ms total)

[----------] Global test environment tear-down
[==========] 1 test from 1 test suite ran. (0 ms total)
[  PASSED  ] 1 test.
<end of output>
Test time =   0.01 sec
----------------------------------------------------------
Test Passed.
"BuilderTest.CountBinElementsEmpty" end time: Feb 07 10:48 CET
"BuilderTest.CountBinElementsEmpty" time elapsed: 00:00:00
----------------------------------------------------------

12/89 Testing: BuilderTest.BuildLeafOnlyTree
12/89 Test: BuilderTest.BuildLeafOnlyTree
Command: "/home/mert/Hist-Tree/build/builder_test" "--gtest_filter=BuilderTest.BuildLeafOnlyTree" "--gtest_also_run_disabled_tests"
Directory: /home/mert/Hist-Tree/build
"BuilderTest.BuildLeafOnlyTree" start time: Feb 07 10:48 CET
Output:
----------------------------------------------------------
Note: Google Test filter = BuilderTest.BuildLeafOnlyTree
[==========] Running 1 test from 1 test suite.
[----------] Global test environment set-up.
[----------] 1 test from BuilderTest
[ RUN      ] BuilderTest.BuildLeafOnlyTree
[       OK ] BuilderTest.BuildLeafOnlyTree (15 ms)
[----------] 1 test from BuilderTest (15 ms total)

[----------] Global test environment tear-down
[==========] 1 test from 1 test suite ran. (15 ms total)
[  PASSED  ] 1 test.
<end of output>
Test time =   0.03 sec
----------------------------------------------------------
Test Passed.
"BuilderTest.BuildLeafOnlyTree" end time: Feb 07 10:48 CET
"BuilderTest.BuildLeafOnlyTree" time elapsed: 00:00:00
----------------------------------------------------------

13/89 Testing: BuilderTest.BuildNormalTree
13/89 Test: BuilderTest.BuildNormalTree
Command: "/home/mert/Hist-Tree/build/builder_test" "--gtest_filter=BuilderTest.BuildNormalTree" "--gtest_also_run_disabled_tests"
Directory: /home/mert/Hist-Tree/build
"BuilderTest.BuildNormalTree" start time: Feb 07 10:48 CET
Output:
----------------------------------------------------------
Note: Google Test filter = BuilderTest.BuildNormalTree
[==========] Running 1 test from 1 test suite.
[----------] Global test environment set-up.
[----------] 1 test from BuilderTest
[ RUN      ] BuilderTest.BuildNormalTree
[       OK ] BuilderTest.BuildNormalTree (19 ms)
[----------] 1 test from BuilderTest (19 ms total)

[----------] Global test environment tear-down
[==========] 1 test from 1 test suite ran. (19 ms total)
[  PASSED  ] 1 test.
<end of output>
Test time =   0.03 sec
----------------------------------------------------------
Test Passed.
"BuilderTest.BuildNormalTree" end time: Feb 07 10:48 CET
"BuilderTest.BuildNormalTree" time elapsed: 00:00:00
----------------------------------------------------------

14/89 Testing: HistTreeTest.DUMMY
14/89 Test: HistTreeTest.DUMMY
Command: "/home/mert/Hist-Tree/build/histtree_test" "--gtest_filter=HistTreeTest.DUMMY" "--gtest_also_run_disabled_tests"
Directory: /home/mert/Hist-Tree/build
"HistTreeTest.DUMMY" start time: Feb 07 10:48 CET
Output:
----------------------------------------------------------
Note: Google Test filter = HistTreeTest.DUMMY
[==========] Running 1 test from 1 test suite.
[----------] Global test environment set-up.
[----------] 1 test from HistTreeTest
[ RUN      ] HistTreeTest.DUMMY
[       OK ] HistTreeTest.DUMMY (0 ms)
[----------] 1 test from HistTreeTest (0 ms total)

[----------] Global test environment tear-down
[==========] 1 test from 1 test suite ran. (0 ms total)
[  PASSED  ] 1 test.
<end of output>
Test time =   0.01 sec
----------------------------------------------------------
Test Passed.
"HistTreeTest.DUMMY" end time: Feb 07 10:48 CET
"HistTreeTest.DUMMY" time elapsed: 00:00:00
----------------------------------------------------------

15/89 Testing: benchmark
15/89 Test: benchmark
Command: "/home/mert/Hist-Tree/build/_deps/googlebenchmark-build/test/benchmark_test" "--benchmark_min_time=0.01s"
Directory: /home/mert/Hist-Tree/build/_deps/googlebenchmark-build/test
"benchmark" start time: Feb 07 10:48 CET
Output:
----------------------------------------------------------
2025-02-07T10:48:41+01:00
Running /home/mert/Hist-Tree/build/_deps/googlebenchmark-build/test/benchmark_test
Run on (8 X 3400 MHz CPU s)
CPU Caches:
  L1 Data 32 KiB (x4)
  L1 Instruction 32 KiB (x4)
  L2 Unified 256 KiB (x4)
  L3 Unified 6144 KiB (x1)
Load Average: 1.77, 2.36, 1.36
***WARNING*** CPU scaling is enabled, the benchmark real time measurements may be noisy and will incur extra overhead.
***WARNING*** Library was built as DEBUG. Timings may be affected.
-----------------------------------------------------------------------------------
Benchmark                                         Time             CPU   Iterations
-----------------------------------------------------------------------------------
BM_Factorial                                  0.000 ns        0.000 ns   1000000000 40320
BM_Factorial/real_time                        0.000 ns        0.000 ns   1000000000 40320
BM_CalculatePiRange/1                          7.03 ns         7.04 ns      2732224 0
BM_CalculatePiRange/8                          36.7 ns         36.7 ns       372033 3.28374
BM_CalculatePiRange/64                          292 ns          292 ns        46938 3.15746
BM_CalculatePiRange/512                        2320 ns         2321 ns         5907 3.14355
BM_CalculatePiRange/4096                      18553 ns        18556 ns          743 3.14184
BM_CalculatePiRange/32768                    150651 ns       150686 ns           92 3.14162
BM_CalculatePiRange/262144                  1188910 ns      1188993 ns           12 3.1416
BM_CalculatePiRange/1048576                 2288760 ns      2288787 ns            5 3.14159
BM_CalculatePi/threads:8                        491 ns         3925 ns         3608
BM_CalculatePi/threads:1                       1725 ns         1725 ns         7750
BM_CalculatePi/threads:2                        860 ns         1719 ns         8108
BM_CalculatePi/threads:4                        431 ns         1723 ns         8100
BM_CalculatePi/threads:8                        430 ns         3431 ns         4032
BM_CalculatePi/threads:16                       214 ns         3214 ns         4400
BM_CalculatePi/threads:32                       106 ns         3295 ns         3200
BM_CalculatePi/threads:8                        376 ns         3002 ns         4112
BM_SetInsert/1024/128                         23277 ns        23245 ns          579 bytes_per_second=21.0055M/s items_per_second=5.50647M/s
BM_SetInsert/4096/128                         27108 ns        26994 ns          529 bytes_per_second=18.0885M/s items_per_second=4.74179M/s
BM_SetInsert/8192/128                         28988 ns        28796 ns          496 bytes_per_second=16.9567M/s items_per_second=4.44509M/s
BM_SetInsert/1024/512                         92104 ns        92090 ns          147 bytes_per_second=21.2089M/s items_per_second=5.55978M/s
BM_SetInsert/4096/512                        103386 ns       103266 ns          137 bytes_per_second=18.9136M/s items_per_second=4.95808M/s
BM_SetInsert/8192/512                        111221 ns       111061 ns          125 bytes_per_second=17.586M/s items_per_second=4.61006M/s
BM_Sequential<std::vector<int>,int>/1          2.21 ns         2.21 ns      6628113 bytes_per_second=1.68863G/s items_per_second=453.288M/s
BM_Sequential<std::vector<int>,int>/8           122 ns          122 ns       114245 bytes_per_second=250.406M/s items_per_second=65.6424M/s
BM_Sequential<std::vector<int>,int>/64          249 ns          250 ns        53870 bytes_per_second=978.493M/s items_per_second=256.506M/s
BM_Sequential<std::vector<int>,int>/512         750 ns          750 ns        20885 bytes_per_second=2.54165G/s items_per_second=682.269M/s
BM_Sequential<std::vector<int>,int>/1024       1115 ns         1114 ns        13107 bytes_per_second=3.42336G/s items_per_second=918.952M/s
BM_Sequential<std::list<int>>/1                2.74 ns         2.74 ns      5539984 bytes_per_second=1.36057G/s items_per_second=365.225M/s
BM_Sequential<std::list<int>>/8                 182 ns          182 ns        76781 bytes_per_second=167.878M/s items_per_second=44.0083M/s
BM_Sequential<std::list<int>>/64               3392 ns         3392 ns         4600 bytes_per_second=71.9672M/s items_per_second=18.8658M/s
BM_Sequential<std::list<int>>/512             25963 ns        25964 ns          541 bytes_per_second=75.224M/s items_per_second=19.7195M/s
BM_Sequential<std::list<int>>/1024            52839 ns        52841 ns          221 bytes_per_second=73.9248M/s items_per_second=19.3789M/s
BM_Sequential<std::vector<int>, int>/512        660 ns          660 ns        21150 bytes_per_second=2.88802G/s items_per_second=775.248M/s
BM_StringCompare/1                             4.12 ns         4.12 ns      3551238
BM_StringCompare/8                             4.87 ns         4.87 ns      2905425
BM_StringCompare/64                            4.97 ns         4.97 ns      2906834
BM_StringCompare/512                           14.5 ns         14.5 ns       963485
BM_StringCompare/4096                          88.5 ns         88.5 ns       160569
BM_StringCompare/32768                         1528 ns         1510 ns         9409
BM_StringCompare/262144                       14550 ns        14550 ns          963
BM_StringCompare/1048576                      54196 ns        54198 ns          258
BM_SetupTeardown/threads:8                      184 ns         1302 ns         8000
BM_LongTest/65536                            249386 ns       249016 ns           56
BM_LongTest/262144                          1023672 ns      1023700 ns           14
BM_LongTest/2097152                         8138027 ns      8130202 ns            2
BM_LongTest/16777216                       65352396 ns     65354059 ns            1
BM_LongTest/134217728                     521962148 ns    521909502 ns            1
BM_LongTest/268435456                    1042874340 ns   1042759961 ns            1
BM_ParallelMemset/10485760/threads:1        2850646 ns      2850683 ns            5
BM_ParallelMemset/10485760/threads:2         709295 ns      1418568 ns           10
BM_ParallelMemset/10485760/threads:4         270761 ns      1083116 ns           20
BM_ManualTiming/1/real_time                   55487 ns         4645 ns          251 items_per_second=18.0221k/s
BM_ManualTiming/8/real_time                   62451 ns         4581 ns          222 items_per_second=128.101k/s
BM_ManualTiming/64/real_time                 117655 ns         4982 ns          117 items_per_second=543.965k/s
BM_ManualTiming/512/real_time                662534 ns        16910 ns           21 items_per_second=772.791k/s
BM_ManualTiming/4096/real_time              4248530 ns        40076 ns            3 items_per_second=964.098k/s
BM_ManualTiming/16384/real_time            16528460 ns        46260 ns            1 items_per_second=991.26k/s
BM_ManualTiming/1/manual_time                 65491 ns        12566 ns          211 items_per_second=15.2692k/s
BM_ManualTiming/8/manual_time                 71509 ns        12625 ns          197 items_per_second=111.874k/s
BM_ManualTiming/64/manual_time               133416 ns        14358 ns          108 items_per_second=479.702k/s
BM_ManualTiming/512/manual_time              711282 ns        31409 ns           23 items_per_second=719.827k/s
BM_ManualTiming/4096/manual_time            4209313 ns        34586 ns            3 items_per_second=973.08k/s
BM_ManualTiming/16384/manual_time          16522914 ns        43069 ns            1 items_per_second=991.593k/s
BM_with_args/int_test                         0.000 ns        0.000 ns   1000000000
BM_with_args/string_and_pair_test             0.000 ns        0.000 ns   1000000000
BM_non_template_args/basic_test                1.10 ns         1.10 ns     12393318
BM_DenseThreadRanges/1/threads:1               1.21 ns         1.21 ns     12417039
BM_DenseThreadRanges/1/threads:2              0.569 ns         1.14 ns     12125372
BM_DenseThreadRanges/1/threads:3              0.384 ns         1.15 ns     12169977
BM_DenseThreadRanges/2/threads:1               1.14 ns         1.14 ns     12211897
BM_DenseThreadRanges/2/threads:3              0.336 ns         1.01 ns     12202131
BM_DenseThreadRanges/2/threads:4              0.257 ns         1.03 ns     13661484
BM_DenseThreadRanges/3/threads:5              0.190 ns        0.949 ns     14484115
BM_DenseThreadRanges/3/threads:8              0.124 ns        0.983 ns     14441720
BM_DenseThreadRanges/3/threads:11             0.090 ns        0.917 ns     11000000
BM_DenseThreadRanges/3/threads:14             0.070 ns        0.910 ns     15233778
BM_BenchmarkName                              0.000 ns        0.000 ns   1000000000
BM_templated_test_double                      0.494 ns        0.494 ns     26856720
<end of output>
Test time =   3.61 sec
----------------------------------------------------------
Test Passed.
"benchmark" end time: Feb 07 10:48 CET
"benchmark" time elapsed: 00:00:03
----------------------------------------------------------

16/89 Testing: spec_arg
16/89 Test: spec_arg
Command: "/home/mert/Hist-Tree/build/_deps/googlebenchmark-build/test/spec_arg_test" "--benchmark_filter=BM_NotChosen"
Directory: /home/mert/Hist-Tree/build/_deps/googlebenchmark-build/test
"spec_arg" start time: Feb 07 10:48 CET
Output:
----------------------------------------------------------
2025-02-07T10:48:45+01:00
Running /home/mert/Hist-Tree/build/_deps/googlebenchmark-build/test/spec_arg_test
Run on (8 X 3400 MHz CPU s)
CPU Caches:
  L1 Data 32 KiB (x4)
  L1 Instruction 32 KiB (x4)
  L2 Unified 256 KiB (x4)
  L3 Unified 6144 KiB (x1)
Load Average: 1.79, 2.35, 1.37
***WARNING*** CPU scaling is enabled, the benchmark real time measurements may be noisy and will incur extra overhead.
***WARNING*** Library was built as DEBUG. Timings may be affected.
-----------------------------------------------------
Benchmark           Time             CPU   Iterations
-----------------------------------------------------
[0;32mBM_Chosen  [m[0;33m     0.000 ns        0.000 ns   [m[0;36m1000000000[m
[m
<end of output>
Test time =   0.01 sec
----------------------------------------------------------
Test Passed.
"spec_arg" end time: Feb 07 10:48 CET
"spec_arg" time elapsed: 00:00:00
----------------------------------------------------------

17/89 Testing: spec_arg_verbosity
17/89 Test: spec_arg_verbosity
Command: "/home/mert/Hist-Tree/build/_deps/googlebenchmark-build/test/spec_arg_verbosity_test" "--v=42"
Directory: /home/mert/Hist-Tree/build/_deps/googlebenchmark-build/test
"spec_arg_verbosity" start time: Feb 07 10:48 CET
Output:
----------------------------------------------------------
<end of output>
Test time =   0.00 sec
----------------------------------------------------------
Test Passed.
"spec_arg_verbosity" end time: Feb 07 10:48 CET
"spec_arg_verbosity" time elapsed: 00:00:00
----------------------------------------------------------

18/89 Testing: benchmark_setup_teardown
18/89 Test: benchmark_setup_teardown
Command: "/home/mert/Hist-Tree/build/_deps/googlebenchmark-build/test/benchmark_setup_teardown_test"
Directory: /home/mert/Hist-Tree/build/_deps/googlebenchmark-build/test
"benchmark_setup_teardown" start time: Feb 07 10:48 CET
Output:
----------------------------------------------------------
2025-02-07T10:48:45+01:00
Running /home/mert/Hist-Tree/build/_deps/googlebenchmark-build/test/benchmark_setup_teardown_test
Run on (8 X 3400 MHz CPU s)
CPU Caches:
  L1 Data 32 KiB (x4)
  L1 Instruction 32 KiB (x4)
  L2 Unified 256 KiB (x4)
  L3 Unified 6144 KiB (x1)
Load Average: 1.79, 2.35, 1.37
***WARNING*** CPU scaling is enabled, the benchmark real time measurements may be noisy and will incur extra overhead.
***WARNING*** Library was built as DEBUG. Timings may be affected.
-----------------------------------------------------------------------------------------------------
Benchmark                                                           Time             CPU   Iterations
-----------------------------------------------------------------------------------------------------
BM_with_setup/1/iterations:100                                   43.5 ns         19.7 ns          100
BM_with_setup/3/iterations:100                                   14.1 ns         13.2 ns          100
BM_with_setup/5/iterations:100                                   12.0 ns         12.3 ns          100
BM_with_setup/7/iterations:100                                   12.0 ns         11.9 ns          100
BM_concurrent/iterations:100/threads:5                           4.77 ns         19.3 ns          500
BM_concurrent/iterations:100/threads:10                          2.45 ns         21.5 ns         1000
BM_concurrent/iterations:100/threads:15                          1.35 ns         18.2 ns         1500
MyFixture/BM_WithFixture                                        0.000 ns        0.000 ns   1000000000
MyFixture/BM_WithFixture/1/iterations:100/repeats:1              12.3 ns         12.0 ns          100
MyFixture/BM_WithFixture/3/iterations:100/repeats:1              11.9 ns         11.8 ns          100
MyFixture/BM_WithFixture/5/iterations:100/repeats:1              11.9 ns         11.7 ns          100
MyFixture/BM_WithFixture/7/iterations:100/repeats:1              11.8 ns         11.8 ns          100
BM_WithRep/1/iterations:100/repeats:4                            12.1 ns         12.0 ns          100
BM_WithRep/1/iterations:100/repeats:4                            11.5 ns         11.6 ns          100
BM_WithRep/1/iterations:100/repeats:4                            11.6 ns         11.6 ns          100
BM_WithRep/1/iterations:100/repeats:4                            11.5 ns         11.5 ns          100
BM_WithRep/1/iterations:100/repeats:4_mean                       11.7 ns         11.7 ns            4
BM_WithRep/1/iterations:100/repeats:4_median                     11.6 ns         11.6 ns            4
BM_WithRep/1/iterations:100/repeats:4_stddev                    0.271 ns        0.227 ns            4
BM_WithRep/1/iterations:100/repeats:4_cv                         2.32 %          1.95 %             4
BM_WithRep/3/iterations:100/repeats:4                            12.8 ns         12.2 ns          100
BM_WithRep/3/iterations:100/repeats:4                            11.6 ns         11.5 ns          100
BM_WithRep/3/iterations:100/repeats:4                            11.5 ns         11.5 ns          100
BM_WithRep/3/iterations:100/repeats:4                            11.6 ns         11.6 ns          100
BM_WithRep/3/iterations:100/repeats:4_mean                       11.9 ns         11.7 ns            4
BM_WithRep/3/iterations:100/repeats:4_median                     11.6 ns         11.6 ns            4
BM_WithRep/3/iterations:100/repeats:4_stddev                    0.600 ns        0.321 ns            4
BM_WithRep/3/iterations:100/repeats:4_cv                         5.06 %          2.74 %             4
BM_WithRep/5/iterations:100/repeats:4                            12.2 ns         11.9 ns          100
BM_WithRep/5/iterations:100/repeats:4                            11.6 ns         11.6 ns          100
BM_WithRep/5/iterations:100/repeats:4                            11.5 ns         11.6 ns          100
BM_WithRep/5/iterations:100/repeats:4                            11.6 ns         11.6 ns          100
BM_WithRep/5/iterations:100/repeats:4_mean                       11.7 ns         11.7 ns            4
BM_WithRep/5/iterations:100/repeats:4_median                     11.6 ns         11.6 ns            4
BM_WithRep/5/iterations:100/repeats:4_stddev                    0.299 ns        0.161 ns            4
BM_WithRep/5/iterations:100/repeats:4_cv                         2.55 %          1.38 %             4
BM_WithRep/7/iterations:100/repeats:4                            12.2 ns         11.9 ns          100
BM_WithRep/7/iterations:100/repeats:4                            11.6 ns         11.6 ns          100
BM_WithRep/7/iterations:100/repeats:4                            11.8 ns         11.8 ns          100
BM_WithRep/7/iterations:100/repeats:4                            11.6 ns         11.6 ns          100
BM_WithRep/7/iterations:100/repeats:4_mean                       11.8 ns         11.7 ns            4
BM_WithRep/7/iterations:100/repeats:4_median                     11.7 ns         11.7 ns            4
BM_WithRep/7/iterations:100/repeats:4_stddev                    0.281 ns        0.161 ns            4
BM_WithRep/7/iterations:100/repeats:4_cv                         2.39 %          1.37 %             4
<end of output>
Test time =   0.01 sec
----------------------------------------------------------
Test Passed.
"benchmark_setup_teardown" end time: Feb 07 10:48 CET
"benchmark_setup_teardown" time elapsed: 00:00:00
----------------------------------------------------------

19/89 Testing: min_time_flag_time
19/89 Test: min_time_flag_time
Command: "/home/mert/Hist-Tree/build/_deps/googlebenchmark-build/test/benchmark_min_time_flag_time_test"
Directory: /home/mert/Hist-Tree/build/_deps/googlebenchmark-build/test
"min_time_flag_time" start time: Feb 07 10:48 CET
Output:
----------------------------------------------------------
2025-02-07T10:48:45+01:00
Running /home/mert/Hist-Tree/build/_deps/googlebenchmark-build/test/benchmark_min_time_flag_time_test
Run on (8 X 3400 MHz CPU s)
CPU Caches:
  L1 Data 32 KiB (x4)
  L1 Instruction 32 KiB (x4)
  L2 Unified 256 KiB (x4)
  L3 Unified 6144 KiB (x1)
Load Average: 1.79, 2.35, 1.37
***WARNING*** CPU scaling is enabled, the benchmark real time measurements may be noisy and will incur extra overhead.
***WARNING*** Library was built as DEBUG. Timings may be affected.
-- LOG(0): Value passed to --benchmark_min_time should have a suffix. Eg., `30s` for 30-seconds.-----------------------------------------------------
Benchmark           Time             CPU   Iterations
-----------------------------------------------------
[0;32mBM_MyBench [m[0;33m     0.000 ns        0.000 ns   [m[0;36m1000000000[m
[m2025-02-07T10:48:45+01:00
Running /home/mert/Hist-Tree/build/_deps/googlebenchmark-build/test/benchmark_min_time_flag_time_test
Run on (8 X 3400 MHz CPU s)
CPU Caches:
  L1 Data 32 KiB (x4)
  L1 Instruction 32 KiB (x4)
  L2 Unified 256 KiB (x4)
  L3 Unified 6144 KiB (x1)
Load Average: 1.79, 2.35, 1.37
***WARNING*** CPU scaling is enabled, the benchmark real time measurements may be noisy and will incur extra overhead.
***WARNING*** Library was built as DEBUG. Timings may be affected.
-- LOG(0): Value passed to --benchmark_min_time should have a suffix. Eg., `30s` for 30-seconds.-----------------------------------------------------
Benchmark           Time             CPU   Iterations
-----------------------------------------------------
[0;32mBM_MyBench [m[0;33m     0.000 ns        0.000 ns   [m[0;36m1000000000[m
[m
<end of output>
Test time =   0.01 sec
----------------------------------------------------------
Test Passed.
"min_time_flag_time" end time: Feb 07 10:48 CET
"min_time_flag_time" time elapsed: 00:00:00
----------------------------------------------------------

20/89 Testing: min_time_flag_iters
20/89 Test: min_time_flag_iters
Command: "/home/mert/Hist-Tree/build/_deps/googlebenchmark-build/test/benchmark_min_time_flag_iters_test"
Directory: /home/mert/Hist-Tree/build/_deps/googlebenchmark-build/test
"min_time_flag_iters" start time: Feb 07 10:48 CET
Output:
----------------------------------------------------------
2025-02-07T10:48:45+01:00
Running /home/mert/Hist-Tree/build/_deps/googlebenchmark-build/test/benchmark_min_time_flag_iters_test
Run on (8 X 3400 MHz CPU s)
CPU Caches:
  L1 Data 32 KiB (x4)
  L1 Instruction 32 KiB (x4)
  L2 Unified 256 KiB (x4)
  L3 Unified 6144 KiB (x1)
Load Average: 1.79, 2.35, 1.37
***WARNING*** CPU scaling is enabled, the benchmark real time measurements may be noisy and will incur extra overhead.
***WARNING*** Library was built as DEBUG. Timings may be affected.
-----------------------------------------------------
Benchmark           Time             CPU   Iterations
-----------------------------------------------------
[0;32mBM_MyBench [m[0;33m      1031 ns          534 ns   [m[0;36m         4[m
[m
<end of output>
Test time =   0.01 sec
----------------------------------------------------------
Test Passed.
"min_time_flag_iters" end time: Feb 07 10:48 CET
"min_time_flag_iters" time elapsed: 00:00:00
----------------------------------------------------------

21/89 Testing: filter_simple
21/89 Test: filter_simple
Command: "/home/mert/Hist-Tree/build/_deps/googlebenchmark-build/test/filter_test" "--benchmark_min_time=0.01s" "--benchmark_filter=Foo" "3"
Directory: /home/mert/Hist-Tree/build/_deps/googlebenchmark-build/test
"filter_simple" start time: Feb 07 10:48 CET
Output:
----------------------------------------------------------
2025-02-07T10:48:45+01:00
Running /home/mert/Hist-Tree/build/_deps/googlebenchmark-build/test/filter_test
Run on (8 X 3400 MHz CPU s)
CPU Caches:
  L1 Data 32 KiB (x4)
  L1 Instruction 32 KiB (x4)
  L2 Unified 256 KiB (x4)
  L3 Unified 6144 KiB (x1)
Load Average: 1.79, 2.35, 1.37
***WARNING*** CPU scaling is enabled, the benchmark real time measurements may be noisy and will incur extra overhead.
***WARNING*** Library was built as DEBUG. Timings may be affected.
-----------------------------------------------------
Benchmark           Time             CPU   Iterations
-----------------------------------------------------
[0;32mBM_Foo     [m[0;33m     0.000 ns        0.000 ns   [m[0;36m1000000000[m
[m[0;32mBM_FooBar  [m[0;33m     0.000 ns        0.000 ns   [m[0;36m1000000000[m
[m[0;32mBM_FooBa   [m[0;33m     0.000 ns        0.000 ns   [m[0;36m1000000000[m
[m
<end of output>
Test time =   0.01 sec
----------------------------------------------------------
Test Passed.
"filter_simple" end time: Feb 07 10:48 CET
"filter_simple" time elapsed: 00:00:00
----------------------------------------------------------

22/89 Testing: filter_simple_list_only
22/89 Test: filter_simple_list_only
Command: "/home/mert/Hist-Tree/build/_deps/googlebenchmark-build/test/filter_test" "--benchmark_list_tests" "--benchmark_filter=Foo" "3"
Directory: /home/mert/Hist-Tree/build/_deps/googlebenchmark-build/test
"filter_simple_list_only" start time: Feb 07 10:48 CET
Output:
----------------------------------------------------------
BM_Foo
BM_FooBar
BM_FooBa
<end of output>
Test time =   0.00 sec
----------------------------------------------------------
Test Passed.
"filter_simple_list_only" end time: Feb 07 10:48 CET
"filter_simple_list_only" time elapsed: 00:00:00
----------------------------------------------------------

23/89 Testing: filter_simple_negative
23/89 Test: filter_simple_negative
Command: "/home/mert/Hist-Tree/build/_deps/googlebenchmark-build/test/filter_test" "--benchmark_min_time=0.01s" "--benchmark_filter=-Foo" "2"
Directory: /home/mert/Hist-Tree/build/_deps/googlebenchmark-build/test
"filter_simple_negative" start time: Feb 07 10:48 CET
Output:
----------------------------------------------------------
2025-02-07T10:48:45+01:00
Running /home/mert/Hist-Tree/build/_deps/googlebenchmark-build/test/filter_test
Run on (8 X 3400 MHz CPU s)
CPU Caches:
  L1 Data 32 KiB (x4)
  L1 Instruction 32 KiB (x4)
  L2 Unified 256 KiB (x4)
  L3 Unified 6144 KiB (x1)
Load Average: 1.79, 2.35, 1.37
***WARNING*** CPU scaling is enabled, the benchmark real time measurements may be noisy and will incur extra overhead.
***WARNING*** Library was built as DEBUG. Timings may be affected.
-----------------------------------------------------
Benchmark           Time             CPU   Iterations
-----------------------------------------------------
[0;32mNoPrefix   [m[0;33m     0.000 ns        0.000 ns   [m[0;36m1000000000[m
[m[0;32mBM_Bar     [m[0;33m     0.000 ns        0.000 ns   [m[0;36m1000000000[m
[m
<end of output>
Test time =   0.00 sec
----------------------------------------------------------
Test Passed.
"filter_simple_negative" end time: Feb 07 10:48 CET
"filter_simple_negative" time elapsed: 00:00:00
----------------------------------------------------------

24/89 Testing: filter_simple_negative_list_only
24/89 Test: filter_simple_negative_list_only
Command: "/home/mert/Hist-Tree/build/_deps/googlebenchmark-build/test/filter_test" "--benchmark_list_tests" "--benchmark_filter=-Foo" "2"
Directory: /home/mert/Hist-Tree/build/_deps/googlebenchmark-build/test
"filter_simple_negative_list_only" start time: Feb 07 10:48 CET
Output:
----------------------------------------------------------
NoPrefix
BM_Bar
<end of output>
Test time =   0.00 sec
----------------------------------------------------------
Test Passed.
"filter_simple_negative_list_only" end time: Feb 07 10:48 CET
"filter_simple_negative_list_only" time elapsed: 00:00:00
----------------------------------------------------------

25/89 Testing: filter_suffix
25/89 Test: filter_suffix
Command: "/home/mert/Hist-Tree/build/_deps/googlebenchmark-build/test/filter_test" "--benchmark_min_time=0.01s" "--benchmark_filter=BM_.*" "4"
Directory: /home/mert/Hist-Tree/build/_deps/googlebenchmark-build/test
"filter_suffix" start time: Feb 07 10:48 CET
Output:
----------------------------------------------------------
2025-02-07T10:48:45+01:00
Running /home/mert/Hist-Tree/build/_deps/googlebenchmark-build/test/filter_test
Run on (8 X 3400 MHz CPU s)
CPU Caches:
  L1 Data 32 KiB (x4)
  L1 Instruction 32 KiB (x4)
  L2 Unified 256 KiB (x4)
  L3 Unified 6144 KiB (x1)
Load Average: 1.79, 2.35, 1.37
***WARNING*** CPU scaling is enabled, the benchmark real time measurements may be noisy and will incur extra overhead.
***WARNING*** Library was built as DEBUG. Timings may be affected.
-----------------------------------------------------
Benchmark           Time             CPU   Iterations
-----------------------------------------------------
[0;32mBM_Foo     [m[0;33m     0.000 ns        0.000 ns   [m[0;36m1000000000[m
[m[0;32mBM_Bar     [m[0;33m     0.000 ns        0.000 ns   [m[0;36m1000000000[m
[m[0;32mBM_FooBar  [m[0;33m     0.000 ns        0.000 ns   [m[0;36m1000000000[m
[m[0;32mBM_FooBa   [m[0;33m     0.000 ns        0.000 ns   [m[0;36m1000000000[m
[m
<end of output>
Test time =   0.00 sec
----------------------------------------------------------
Test Passed.
"filter_suffix" end time: Feb 07 10:48 CET
"filter_suffix" time elapsed: 00:00:00
----------------------------------------------------------

26/89 Testing: filter_suffix_list_only
26/89 Test: filter_suffix_list_only
Command: "/home/mert/Hist-Tree/build/_deps/googlebenchmark-build/test/filter_test" "--benchmark_list_tests" "--benchmark_filter=BM_.*" "4"
Directory: /home/mert/Hist-Tree/build/_deps/googlebenchmark-build/test
"filter_suffix_list_only" start time: Feb 07 10:48 CET
Output:
----------------------------------------------------------
BM_Foo
BM_Bar
BM_FooBar
BM_FooBa
<end of output>
Test time =   0.00 sec
----------------------------------------------------------
Test Passed.
"filter_suffix_list_only" end time: Feb 07 10:48 CET
"filter_suffix_list_only" time elapsed: 00:00:00
----------------------------------------------------------

27/89 Testing: filter_suffix_negative
27/89 Test: filter_suffix_negative
Command: "/home/mert/Hist-Tree/build/_deps/googlebenchmark-build/test/filter_test" "--benchmark_min_time=0.01s" "--benchmark_filter=-BM_.*" "1"
Directory: /home/mert/Hist-Tree/build/_deps/googlebenchmark-build/test
"filter_suffix_negative" start time: Feb 07 10:48 CET
Output:
----------------------------------------------------------
2025-02-07T10:48:45+01:00
Running /home/mert/Hist-Tree/build/_deps/googlebenchmark-build/test/filter_test
Run on (8 X 3400 MHz CPU s)
CPU Caches:
  L1 Data 32 KiB (x4)
  L1 Instruction 32 KiB (x4)
  L2 Unified 256 KiB (x4)
  L3 Unified 6144 KiB (x1)
Load Average: 1.79, 2.35, 1.37
***WARNING*** CPU scaling is enabled, the benchmark real time measurements may be noisy and will incur extra overhead.
***WARNING*** Library was built as DEBUG. Timings may be affected.
-----------------------------------------------------
Benchmark           Time             CPU   Iterations
-----------------------------------------------------
[0;32mNoPrefix   [m[0;33m     0.000 ns        0.000 ns   [m[0;36m1000000000[m
[m
<end of output>
Test time =   0.00 sec
----------------------------------------------------------
Test Passed.
"filter_suffix_negative" end time: Feb 07 10:48 CET
"filter_suffix_negative" time elapsed: 00:00:00
----------------------------------------------------------

28/89 Testing: filter_suffix_negative_list_only
28/89 Test: filter_suffix_negative_list_only
Command: "/home/mert/Hist-Tree/build/_deps/googlebenchmark-build/test/filter_test" "--benchmark_list_tests" "--benchmark_filter=-BM_.*" "1"
Directory: /home/mert/Hist-Tree/build/_deps/googlebenchmark-build/test
"filter_suffix_negative_list_only" start time: Feb 07 10:48 CET
Output:
----------------------------------------------------------
NoPrefix
<end of output>
Test time =   0.00 sec
----------------------------------------------------------
Test Passed.
"filter_suffix_negative_list_only" end time: Feb 07 10:48 CET
"filter_suffix_negative_list_only" time elapsed: 00:00:00
----------------------------------------------------------

29/89 Testing: filter_regex_all
29/89 Test: filter_regex_all
Command: "/home/mert/Hist-Tree/build/_deps/googlebenchmark-build/test/filter_test" "--benchmark_min_time=0.01s" "--benchmark_filter=.*" "5"
Directory: /home/mert/Hist-Tree/build/_deps/googlebenchmark-build/test
"filter_regex_all" start time: Feb 07 10:48 CET
Output:
----------------------------------------------------------
2025-02-07T10:48:45+01:00
Running /home/mert/Hist-Tree/build/_deps/googlebenchmark-build/test/filter_test
Run on (8 X 3400 MHz CPU s)
CPU Caches:
  L1 Data 32 KiB (x4)
  L1 Instruction 32 KiB (x4)
  L2 Unified 256 KiB (x4)
  L3 Unified 6144 KiB (x1)
Load Average: 1.79, 2.35, 1.37
***WARNING*** CPU scaling is enabled, the benchmark real time measurements may be noisy and will incur extra overhead.
***WARNING*** Library was built as DEBUG. Timings may be affected.
-----------------------------------------------------
Benchmark           Time             CPU   Iterations
-----------------------------------------------------
[0;32mNoPrefix   [m[0;33m     0.000 ns        0.000 ns   [m[0;36m1000000000[m
[m[0;32mBM_Foo     [m[0;33m     0.000 ns        0.000 ns   [m[0;36m1000000000[m
[m[0;32mBM_Bar     [m[0;33m     0.000 ns        0.000 ns   [m[0;36m1000000000[m
[m[0;32mBM_FooBar  [m[0;33m     0.000 ns        0.000 ns   [m[0;36m1000000000[m
[m[0;32mBM_FooBa   [m[0;33m     0.000 ns        0.000 ns   [m[0;36m1000000000[m
[m
<end of output>
Test time =   0.01 sec
----------------------------------------------------------
Test Passed.
"filter_regex_all" end time: Feb 07 10:48 CET
"filter_regex_all" time elapsed: 00:00:00
----------------------------------------------------------

30/89 Testing: filter_regex_all_list_only
30/89 Test: filter_regex_all_list_only
Command: "/home/mert/Hist-Tree/build/_deps/googlebenchmark-build/test/filter_test" "--benchmark_list_tests" "--benchmark_filter=.*" "5"
Directory: /home/mert/Hist-Tree/build/_deps/googlebenchmark-build/test
"filter_regex_all_list_only" start time: Feb 07 10:48 CET
Output:
----------------------------------------------------------
NoPrefix
BM_Foo
BM_Bar
BM_FooBar
BM_FooBa
<end of output>
Test time =   0.00 sec
----------------------------------------------------------
Test Passed.
"filter_regex_all_list_only" end time: Feb 07 10:48 CET
"filter_regex_all_list_only" time elapsed: 00:00:00
----------------------------------------------------------

31/89 Testing: filter_regex_all_negative
31/89 Test: filter_regex_all_negative
Command: "/home/mert/Hist-Tree/build/_deps/googlebenchmark-build/test/filter_test" "--benchmark_min_time=0.01s" "--benchmark_filter=-.*" "0"
Directory: /home/mert/Hist-Tree/build/_deps/googlebenchmark-build/test
"filter_regex_all_negative" start time: Feb 07 10:48 CET
Output:
----------------------------------------------------------
Failed to match any benchmarks against regex: -.*
<end of output>
Test time =   0.00 sec
----------------------------------------------------------
Test Passed.
"filter_regex_all_negative" end time: Feb 07 10:48 CET
"filter_regex_all_negative" time elapsed: 00:00:00
----------------------------------------------------------

32/89 Testing: filter_regex_all_negative_list_only
32/89 Test: filter_regex_all_negative_list_only
Command: "/home/mert/Hist-Tree/build/_deps/googlebenchmark-build/test/filter_test" "--benchmark_list_tests" "--benchmark_filter=-.*" "0"
Directory: /home/mert/Hist-Tree/build/_deps/googlebenchmark-build/test
"filter_regex_all_negative_list_only" start time: Feb 07 10:48 CET
Output:
----------------------------------------------------------
Failed to match any benchmarks against regex: -.*
<end of output>
Test time =   0.00 sec
----------------------------------------------------------
Test Passed.
"filter_regex_all_negative_list_only" end time: Feb 07 10:48 CET
"filter_regex_all_negative_list_only" time elapsed: 00:00:00
----------------------------------------------------------

33/89 Testing: filter_regex_blank
33/89 Test: filter_regex_blank
Command: "/home/mert/Hist-Tree/build/_deps/googlebenchmark-build/test/filter_test" "--benchmark_min_time=0.01s" "--benchmark_filter=" "5"
Directory: /home/mert/Hist-Tree/build/_deps/googlebenchmark-build/test
"filter_regex_blank" start time: Feb 07 10:48 CET
Output:
----------------------------------------------------------
2025-02-07T10:48:45+01:00
Running /home/mert/Hist-Tree/build/_deps/googlebenchmark-build/test/filter_test
Run on (8 X 3400 MHz CPU s)
CPU Caches:
  L1 Data 32 KiB (x4)
  L1 Instruction 32 KiB (x4)
  L2 Unified 256 KiB (x4)
  L3 Unified 6144 KiB (x1)
Load Average: 1.79, 2.35, 1.37
***WARNING*** CPU scaling is enabled, the benchmark real time measurements may be noisy and will incur extra overhead.
***WARNING*** Library was built as DEBUG. Timings may be affected.
-----------------------------------------------------
Benchmark           Time             CPU   Iterations
-----------------------------------------------------
[0;32mNoPrefix   [m[0;33m     0.000 ns        0.000 ns   [m[0;36m1000000000[m
[m[0;32mBM_Foo     [m[0;33m     0.000 ns        0.000 ns   [m[0;36m1000000000[m
[m[0;32mBM_Bar     [m[0;33m     0.000 ns        0.000 ns   [m[0;36m1000000000[m
[m[0;32mBM_FooBar  [m[0;33m     0.000 ns        0.000 ns   [m[0;36m1000000000[m
[m[0;32mBM_FooBa   [m[0;33m     0.000 ns        0.000 ns   [m[0;36m1000000000[m
[m
<end of output>
Test time =   0.01 sec
----------------------------------------------------------
Test Passed.
"filter_regex_blank" end time: Feb 07 10:48 CET
"filter_regex_blank" time elapsed: 00:00:00
----------------------------------------------------------

34/89 Testing: filter_regex_blank_list_only
34/89 Test: filter_regex_blank_list_only
Command: "/home/mert/Hist-Tree/build/_deps/googlebenchmark-build/test/filter_test" "--benchmark_list_tests" "--benchmark_filter=" "5"
Directory: /home/mert/Hist-Tree/build/_deps/googlebenchmark-build/test
"filter_regex_blank_list_only" start time: Feb 07 10:48 CET
Output:
----------------------------------------------------------
NoPrefix
BM_Foo
BM_Bar
BM_FooBar
BM_FooBa
<end of output>
Test time =   0.00 sec
----------------------------------------------------------
Test Passed.
"filter_regex_blank_list_only" end time: Feb 07 10:48 CET
"filter_regex_blank_list_only" time elapsed: 00:00:00
----------------------------------------------------------

35/89 Testing: filter_regex_blank_negative
35/89 Test: filter_regex_blank_negative
Command: "/home/mert/Hist-Tree/build/_deps/googlebenchmark-build/test/filter_test" "--benchmark_min_time=0.01s" "--benchmark_filter=-" "0"
Directory: /home/mert/Hist-Tree/build/_deps/googlebenchmark-build/test
"filter_regex_blank_negative" start time: Feb 07 10:48 CET
Output:
----------------------------------------------------------
Failed to match any benchmarks against regex: -
<end of output>
Test time =   0.00 sec
----------------------------------------------------------
Test Passed.
"filter_regex_blank_negative" end time: Feb 07 10:48 CET
"filter_regex_blank_negative" time elapsed: 00:00:00
----------------------------------------------------------

36/89 Testing: filter_regex_blank_negative_list_only
36/89 Test: filter_regex_blank_negative_list_only
Command: "/home/mert/Hist-Tree/build/_deps/googlebenchmark-build/test/filter_test" "--benchmark_list_tests" "--benchmark_filter=-" "0"
Directory: /home/mert/Hist-Tree/build/_deps/googlebenchmark-build/test
"filter_regex_blank_negative_list_only" start time: Feb 07 10:48 CET
Output:
----------------------------------------------------------
Failed to match any benchmarks against regex: -
<end of output>
Test time =   0.00 sec
----------------------------------------------------------
Test Passed.
"filter_regex_blank_negative_list_only" end time: Feb 07 10:48 CET
"filter_regex_blank_negative_list_only" time elapsed: 00:00:00
----------------------------------------------------------

37/89 Testing: filter_regex_none
37/89 Test: filter_regex_none
Command: "/home/mert/Hist-Tree/build/_deps/googlebenchmark-build/test/filter_test" "--benchmark_min_time=0.01s" "--benchmark_filter=monkey" "0"
Directory: /home/mert/Hist-Tree/build/_deps/googlebenchmark-build/test
"filter_regex_none" start time: Feb 07 10:48 CET
Output:
----------------------------------------------------------
Failed to match any benchmarks against regex: monkey
<end of output>
Test time =   0.00 sec
----------------------------------------------------------
Test Passed.
"filter_regex_none" end time: Feb 07 10:48 CET
"filter_regex_none" time elapsed: 00:00:00
----------------------------------------------------------

38/89 Testing: filter_regex_none_list_only
38/89 Test: filter_regex_none_list_only
Command: "/home/mert/Hist-Tree/build/_deps/googlebenchmark-build/test/filter_test" "--benchmark_list_tests" "--benchmark_filter=monkey" "0"
Directory: /home/mert/Hist-Tree/build/_deps/googlebenchmark-build/test
"filter_regex_none_list_only" start time: Feb 07 10:48 CET
Output:
----------------------------------------------------------
Failed to match any benchmarks against regex: monkey
<end of output>
Test time =   0.00 sec
----------------------------------------------------------
Test Passed.
"filter_regex_none_list_only" end time: Feb 07 10:48 CET
"filter_regex_none_list_only" time elapsed: 00:00:00
----------------------------------------------------------

39/89 Testing: filter_regex_none_negative
39/89 Test: filter_regex_none_negative
Command: "/home/mert/Hist-Tree/build/_deps/googlebenchmark-build/test/filter_test" "--benchmark_min_time=0.01s" "--benchmark_filter=-monkey" "5"
Directory: /home/mert/Hist-Tree/build/_deps/googlebenchmark-build/test
"filter_regex_none_negative" start time: Feb 07 10:48 CET
Output:
----------------------------------------------------------
2025-02-07T10:48:45+01:00
Running /home/mert/Hist-Tree/build/_deps/googlebenchmark-build/test/filter_test
Run on (8 X 3400 MHz CPU s)
CPU Caches:
  L1 Data 32 KiB (x4)
  L1 Instruction 32 KiB (x4)
  L2 Unified 256 KiB (x4)
  L3 Unified 6144 KiB (x1)
Load Average: 1.79, 2.35, 1.37
***WARNING*** CPU scaling is enabled, the benchmark real time measurements may be noisy and will incur extra overhead.
***WARNING*** Library was built as DEBUG. Timings may be affected.
-----------------------------------------------------
Benchmark           Time             CPU   Iterations
-----------------------------------------------------
[0;32mNoPrefix   [m[0;33m     0.000 ns        0.000 ns   [m[0;36m1000000000[m
[m[0;32mBM_Foo     [m[0;33m     0.000 ns        0.000 ns   [m[0;36m1000000000[m
[m[0;32mBM_Bar     [m[0;33m     0.000 ns        0.000 ns   [m[0;36m1000000000[m
[m[0;32mBM_FooBar  [m[0;33m     0.000 ns        0.000 ns   [m[0;36m1000000000[m
[m[0;32mBM_FooBa   [m[0;33m     0.000 ns        0.000 ns   [m[0;36m1000000000[m
[m
<end of output>
Test time =   0.01 sec
----------------------------------------------------------
Test Passed.
"filter_regex_none_negative" end time: Feb 07 10:48 CET
"filter_regex_none_negative" time elapsed: 00:00:00
----------------------------------------------------------

40/89 Testing: filter_regex_none_negative_list_only
40/89 Test: filter_regex_none_negative_list_only
Command: "/home/mert/Hist-Tree/build/_deps/googlebenchmark-build/test/filter_test" "--benchmark_list_tests" "--benchmark_filter=-monkey" "5"
Directory: /home/mert/Hist-Tree/build/_deps/googlebenchmark-build/test
"filter_regex_none_negative_list_only" start time: Feb 07 10:48 CET
Output:
----------------------------------------------------------
NoPrefix
BM_Foo
BM_Bar
BM_FooBar
BM_FooBa
<end of output>
Test time =   0.00 sec
----------------------------------------------------------
Test Passed.
"filter_regex_none_negative_list_only" end time: Feb 07 10:48 CET
"filter_regex_none_negative_list_only" time elapsed: 00:00:00
----------------------------------------------------------

41/89 Testing: filter_regex_wildcard
41/89 Test: filter_regex_wildcard
Command: "/home/mert/Hist-Tree/build/_deps/googlebenchmark-build/test/filter_test" "--benchmark_min_time=0.01s" "--benchmark_filter=.*Foo.*" "3"
Directory: /home/mert/Hist-Tree/build/_deps/googlebenchmark-build/test
"filter_regex_wildcard" start time: Feb 07 10:48 CET
Output:
----------------------------------------------------------
2025-02-07T10:48:45+01:00
Running /home/mert/Hist-Tree/build/_deps/googlebenchmark-build/test/filter_test
Run on (8 X 3400 MHz CPU s)
CPU Caches:
  L1 Data 32 KiB (x4)
  L1 Instruction 32 KiB (x4)
  L2 Unified 256 KiB (x4)
  L3 Unified 6144 KiB (x1)
Load Average: 1.79, 2.35, 1.37
***WARNING*** CPU scaling is enabled, the benchmark real time measurements may be noisy and will incur extra overhead.
***WARNING*** Library was built as DEBUG. Timings may be affected.
-----------------------------------------------------
Benchmark           Time             CPU   Iterations
-----------------------------------------------------
[0;32mBM_Foo     [m[0;33m     0.000 ns        0.000 ns   [m[0;36m1000000000[m
[m[0;32mBM_FooBar  [m[0;33m     0.000 ns        0.000 ns   [m[0;36m1000000000[m
[m[0;32mBM_FooBa   [m[0;33m     0.000 ns        0.000 ns   [m[0;36m1000000000[m
[m
<end of output>
Test time =   0.01 sec
----------------------------------------------------------
Test Passed.
"filter_regex_wildcard" end time: Feb 07 10:48 CET
"filter_regex_wildcard" time elapsed: 00:00:00
----------------------------------------------------------

42/89 Testing: filter_regex_wildcard_list_only
42/89 Test: filter_regex_wildcard_list_only
Command: "/home/mert/Hist-Tree/build/_deps/googlebenchmark-build/test/filter_test" "--benchmark_list_tests" "--benchmark_filter=.*Foo.*" "3"
Directory: /home/mert/Hist-Tree/build/_deps/googlebenchmark-build/test
"filter_regex_wildcard_list_only" start time: Feb 07 10:48 CET
Output:
----------------------------------------------------------
BM_Foo
BM_FooBar
BM_FooBa
<end of output>
Test time =   0.00 sec
----------------------------------------------------------
Test Passed.
"filter_regex_wildcard_list_only" end time: Feb 07 10:48 CET
"filter_regex_wildcard_list_only" time elapsed: 00:00:00
----------------------------------------------------------

43/89 Testing: filter_regex_wildcard_negative
43/89 Test: filter_regex_wildcard_negative
Command: "/home/mert/Hist-Tree/build/_deps/googlebenchmark-build/test/filter_test" "--benchmark_min_time=0.01s" "--benchmark_filter=-.*Foo.*" "2"
Directory: /home/mert/Hist-Tree/build/_deps/googlebenchmark-build/test
"filter_regex_wildcard_negative" start time: Feb 07 10:48 CET
Output:
----------------------------------------------------------
2025-02-07T10:48:45+01:00
Running /home/mert/Hist-Tree/build/_deps/googlebenchmark-build/test/filter_test
Run on (8 X 3400 MHz CPU s)
CPU Caches:
  L1 Data 32 KiB (x4)
  L1 Instruction 32 KiB (x4)
  L2 Unified 256 KiB (x4)
  L3 Unified 6144 KiB (x1)
Load Average: 1.79, 2.35, 1.37
***WARNING*** CPU scaling is enabled, the benchmark real time measurements may be noisy and will incur extra overhead.
***WARNING*** Library was built as DEBUG. Timings may be affected.
-----------------------------------------------------
Benchmark           Time             CPU   Iterations
-----------------------------------------------------
[0;32mNoPrefix   [m[0;33m     0.000 ns        0.000 ns   [m[0;36m1000000000[m
[m[0;32mBM_Bar     [m[0;33m     0.000 ns        0.000 ns   [m[0;36m1000000000[m
[m
<end of output>
Test time =   0.01 sec
----------------------------------------------------------
Test Passed.
"filter_regex_wildcard_negative" end time: Feb 07 10:48 CET
"filter_regex_wildcard_negative" time elapsed: 00:00:00
----------------------------------------------------------

44/89 Testing: filter_regex_wildcard_negative_list_only
44/89 Test: filter_regex_wildcard_negative_list_only
Command: "/home/mert/Hist-Tree/build/_deps/googlebenchmark-build/test/filter_test" "--benchmark_list_tests" "--benchmark_filter=-.*Foo.*" "2"
Directory: /home/mert/Hist-Tree/build/_deps/googlebenchmark-build/test
"filter_regex_wildcard_negative_list_only" start time: Feb 07 10:48 CET
Output:
----------------------------------------------------------
NoPrefix
BM_Bar
<end of output>
Test time =   0.00 sec
----------------------------------------------------------
Test Passed.
"filter_regex_wildcard_negative_list_only" end time: Feb 07 10:48 CET
"filter_regex_wildcard_negative_list_only" time elapsed: 00:00:00
----------------------------------------------------------

45/89 Testing: filter_regex_begin
45/89 Test: filter_regex_begin
Command: "/home/mert/Hist-Tree/build/_deps/googlebenchmark-build/test/filter_test" "--benchmark_min_time=0.01s" "--benchmark_filter=^BM_.*" "4"
Directory: /home/mert/Hist-Tree/build/_deps/googlebenchmark-build/test
"filter_regex_begin" start time: Feb 07 10:48 CET
Output:
----------------------------------------------------------
2025-02-07T10:48:45+01:00
Running /home/mert/Hist-Tree/build/_deps/googlebenchmark-build/test/filter_test
Run on (8 X 3400 MHz CPU s)
CPU Caches:
  L1 Data 32 KiB (x4)
  L1 Instruction 32 KiB (x4)
  L2 Unified 256 KiB (x4)
  L3 Unified 6144 KiB (x1)
Load Average: 1.79, 2.35, 1.37
***WARNING*** CPU scaling is enabled, the benchmark real time measurements may be noisy and will incur extra overhead.
***WARNING*** Library was built as DEBUG. Timings may be affected.
-----------------------------------------------------
Benchmark           Time             CPU   Iterations
-----------------------------------------------------
[0;32mBM_Foo     [m[0;33m     0.000 ns        0.000 ns   [m[0;36m1000000000[m
[m[0;32mBM_Bar     [m[0;33m     0.000 ns        0.000 ns   [m[0;36m1000000000[m
[m[0;32mBM_FooBar  [m[0;33m     0.000 ns        0.000 ns   [m[0;36m1000000000[m
[m[0;32mBM_FooBa   [m[0;33m     0.000 ns        0.000 ns   [m[0;36m1000000000[m
[m
<end of output>
Test time =   0.01 sec
----------------------------------------------------------
Test Passed.
"filter_regex_begin" end time: Feb 07 10:48 CET
"filter_regex_begin" time elapsed: 00:00:00
----------------------------------------------------------

46/89 Testing: filter_regex_begin_list_only
46/89 Test: filter_regex_begin_list_only
Command: "/home/mert/Hist-Tree/build/_deps/googlebenchmark-build/test/filter_test" "--benchmark_list_tests" "--benchmark_filter=^BM_.*" "4"
Directory: /home/mert/Hist-Tree/build/_deps/googlebenchmark-build/test
"filter_regex_begin_list_only" start time: Feb 07 10:48 CET
Output:
----------------------------------------------------------
BM_Foo
BM_Bar
BM_FooBar
BM_FooBa
<end of output>
Test time =   0.00 sec
----------------------------------------------------------
Test Passed.
"filter_regex_begin_list_only" end time: Feb 07 10:48 CET
"filter_regex_begin_list_only" time elapsed: 00:00:00
----------------------------------------------------------

47/89 Testing: filter_regex_begin_negative
47/89 Test: filter_regex_begin_negative
Command: "/home/mert/Hist-Tree/build/_deps/googlebenchmark-build/test/filter_test" "--benchmark_min_time=0.01s" "--benchmark_filter=-^BM_.*" "1"
Directory: /home/mert/Hist-Tree/build/_deps/googlebenchmark-build/test
"filter_regex_begin_negative" start time: Feb 07 10:48 CET
Output:
----------------------------------------------------------
2025-02-07T10:48:45+01:00
Running /home/mert/Hist-Tree/build/_deps/googlebenchmark-build/test/filter_test
Run on (8 X 3400 MHz CPU s)
CPU Caches:
  L1 Data 32 KiB (x4)
  L1 Instruction 32 KiB (x4)
  L2 Unified 256 KiB (x4)
  L3 Unified 6144 KiB (x1)
Load Average: 1.79, 2.35, 1.37
***WARNING*** CPU scaling is enabled, the benchmark real time measurements may be noisy and will incur extra overhead.
***WARNING*** Library was built as DEBUG. Timings may be affected.
-----------------------------------------------------
Benchmark           Time             CPU   Iterations
-----------------------------------------------------
[0;32mNoPrefix   [m[0;33m     0.000 ns        0.000 ns   [m[0;36m1000000000[m
[m
<end of output>
Test time =   0.01 sec
----------------------------------------------------------
Test Passed.
"filter_regex_begin_negative" end time: Feb 07 10:48 CET
"filter_regex_begin_negative" time elapsed: 00:00:00
----------------------------------------------------------

48/89 Testing: filter_regex_begin_negative_list_only
48/89 Test: filter_regex_begin_negative_list_only
Command: "/home/mert/Hist-Tree/build/_deps/googlebenchmark-build/test/filter_test" "--benchmark_list_tests" "--benchmark_filter=-^BM_.*" "1"
Directory: /home/mert/Hist-Tree/build/_deps/googlebenchmark-build/test
"filter_regex_begin_negative_list_only" start time: Feb 07 10:48 CET
Output:
----------------------------------------------------------
NoPrefix
<end of output>
Test time =   0.00 sec
----------------------------------------------------------
Test Passed.
"filter_regex_begin_negative_list_only" end time: Feb 07 10:48 CET
"filter_regex_begin_negative_list_only" time elapsed: 00:00:00
----------------------------------------------------------

49/89 Testing: filter_regex_begin2
49/89 Test: filter_regex_begin2
Command: "/home/mert/Hist-Tree/build/_deps/googlebenchmark-build/test/filter_test" "--benchmark_min_time=0.01s" "--benchmark_filter=^N" "1"
Directory: /home/mert/Hist-Tree/build/_deps/googlebenchmark-build/test
"filter_regex_begin2" start time: Feb 07 10:48 CET
Output:
----------------------------------------------------------
2025-02-07T10:48:45+01:00
Running /home/mert/Hist-Tree/build/_deps/googlebenchmark-build/test/filter_test
Run on (8 X 3400 MHz CPU s)
CPU Caches:
  L1 Data 32 KiB (x4)
  L1 Instruction 32 KiB (x4)
  L2 Unified 256 KiB (x4)
  L3 Unified 6144 KiB (x1)
Load Average: 1.79, 2.35, 1.37
***WARNING*** CPU scaling is enabled, the benchmark real time measurements may be noisy and will incur extra overhead.
***WARNING*** Library was built as DEBUG. Timings may be affected.
-----------------------------------------------------
Benchmark           Time             CPU   Iterations
-----------------------------------------------------
[0;32mNoPrefix   [m[0;33m     0.000 ns        0.000 ns   [m[0;36m1000000000[m
[m
<end of output>
Test time =   0.01 sec
----------------------------------------------------------
Test Passed.
"filter_regex_begin2" end time: Feb 07 10:48 CET
"filter_regex_begin2" time elapsed: 00:00:00
----------------------------------------------------------

50/89 Testing: filter_regex_begin2_list_only
50/89 Test: filter_regex_begin2_list_only
Command: "/home/mert/Hist-Tree/build/_deps/googlebenchmark-build/test/filter_test" "--benchmark_list_tests" "--benchmark_filter=^N" "1"
Directory: /home/mert/Hist-Tree/build/_deps/googlebenchmark-build/test
"filter_regex_begin2_list_only" start time: Feb 07 10:48 CET
Output:
----------------------------------------------------------
NoPrefix
<end of output>
Test time =   0.00 sec
----------------------------------------------------------
Test Passed.
"filter_regex_begin2_list_only" end time: Feb 07 10:48 CET
"filter_regex_begin2_list_only" time elapsed: 00:00:00
----------------------------------------------------------

51/89 Testing: filter_regex_begin2_negative
51/89 Test: filter_regex_begin2_negative
Command: "/home/mert/Hist-Tree/build/_deps/googlebenchmark-build/test/filter_test" "--benchmark_min_time=0.01s" "--benchmark_filter=-^N" "4"
Directory: /home/mert/Hist-Tree/build/_deps/googlebenchmark-build/test
"filter_regex_begin2_negative" start time: Feb 07 10:48 CET
Output:
----------------------------------------------------------
2025-02-07T10:48:45+01:00
Running /home/mert/Hist-Tree/build/_deps/googlebenchmark-build/test/filter_test
Run on (8 X 3400 MHz CPU s)
CPU Caches:
  L1 Data 32 KiB (x4)
  L1 Instruction 32 KiB (x4)
  L2 Unified 256 KiB (x4)
  L3 Unified 6144 KiB (x1)
Load Average: 1.79, 2.35, 1.37
***WARNING*** CPU scaling is enabled, the benchmark real time measurements may be noisy and will incur extra overhead.
***WARNING*** Library was built as DEBUG. Timings may be affected.
-----------------------------------------------------
Benchmark           Time             CPU   Iterations
-----------------------------------------------------
[0;32mBM_Foo     [m[0;33m     0.000 ns        0.000 ns   [m[0;36m1000000000[m
[m[0;32mBM_Bar     [m[0;33m     0.000 ns        0.000 ns   [m[0;36m1000000000[m
[m[0;32mBM_FooBar  [m[0;33m     0.000 ns        0.000 ns   [m[0;36m1000000000[m
[m[0;32mBM_FooBa   [m[0;33m     0.000 ns        0.000 ns   [m[0;36m1000000000[m
[m
<end of output>
Test time =   0.01 sec
----------------------------------------------------------
Test Passed.
"filter_regex_begin2_negative" end time: Feb 07 10:48 CET
"filter_regex_begin2_negative" time elapsed: 00:00:00
----------------------------------------------------------

52/89 Testing: filter_regex_begin2_negative_list_only
52/89 Test: filter_regex_begin2_negative_list_only
Command: "/home/mert/Hist-Tree/build/_deps/googlebenchmark-build/test/filter_test" "--benchmark_list_tests" "--benchmark_filter=-^N" "4"
Directory: /home/mert/Hist-Tree/build/_deps/googlebenchmark-build/test
"filter_regex_begin2_negative_list_only" start time: Feb 07 10:48 CET
Output:
----------------------------------------------------------
BM_Foo
BM_Bar
BM_FooBar
BM_FooBa
<end of output>
Test time =   0.00 sec
----------------------------------------------------------
Test Passed.
"filter_regex_begin2_negative_list_only" end time: Feb 07 10:48 CET
"filter_regex_begin2_negative_list_only" time elapsed: 00:00:00
----------------------------------------------------------

53/89 Testing: filter_regex_end
53/89 Test: filter_regex_end
Command: "/home/mert/Hist-Tree/build/_deps/googlebenchmark-build/test/filter_test" "--benchmark_min_time=0.01s" "--benchmark_filter=.*Ba$" "1"
Directory: /home/mert/Hist-Tree/build/_deps/googlebenchmark-build/test
"filter_regex_end" start time: Feb 07 10:48 CET
Output:
----------------------------------------------------------
2025-02-07T10:48:45+01:00
Running /home/mert/Hist-Tree/build/_deps/googlebenchmark-build/test/filter_test
Run on (8 X 3400 MHz CPU s)
CPU Caches:
  L1 Data 32 KiB (x4)
  L1 Instruction 32 KiB (x4)
  L2 Unified 256 KiB (x4)
  L3 Unified 6144 KiB (x1)
Load Average: 1.79, 2.35, 1.37
***WARNING*** CPU scaling is enabled, the benchmark real time measurements may be noisy and will incur extra overhead.
***WARNING*** Library was built as DEBUG. Timings may be affected.
-----------------------------------------------------
Benchmark           Time             CPU   Iterations
-----------------------------------------------------
[0;32mBM_FooBa   [m[0;33m     0.000 ns        0.000 ns   [m[0;36m1000000000[m
[m
<end of output>
Test time =   0.01 sec
----------------------------------------------------------
Test Passed.
"filter_regex_end" end time: Feb 07 10:48 CET
"filter_regex_end" time elapsed: 00:00:00
----------------------------------------------------------

54/89 Testing: filter_regex_end_list_only
54/89 Test: filter_regex_end_list_only
Command: "/home/mert/Hist-Tree/build/_deps/googlebenchmark-build/test/filter_test" "--benchmark_list_tests" "--benchmark_filter=.*Ba$" "1"
Directory: /home/mert/Hist-Tree/build/_deps/googlebenchmark-build/test
"filter_regex_end_list_only" start time: Feb 07 10:48 CET
Output:
----------------------------------------------------------
BM_FooBa
<end of output>
Test time =   0.00 sec
----------------------------------------------------------
Test Passed.
"filter_regex_end_list_only" end time: Feb 07 10:48 CET
"filter_regex_end_list_only" time elapsed: 00:00:00
----------------------------------------------------------

55/89 Testing: filter_regex_end_negative
55/89 Test: filter_regex_end_negative
Command: "/home/mert/Hist-Tree/build/_deps/googlebenchmark-build/test/filter_test" "--benchmark_min_time=0.01s" "--benchmark_filter=-.*Ba$" "4"
Directory: /home/mert/Hist-Tree/build/_deps/googlebenchmark-build/test
"filter_regex_end_negative" start time: Feb 07 10:48 CET
Output:
----------------------------------------------------------
2025-02-07T10:48:45+01:00
Running /home/mert/Hist-Tree/build/_deps/googlebenchmark-build/test/filter_test
Run on (8 X 3400 MHz CPU s)
CPU Caches:
  L1 Data 32 KiB (x4)
  L1 Instruction 32 KiB (x4)
  L2 Unified 256 KiB (x4)
  L3 Unified 6144 KiB (x1)
Load Average: 1.79, 2.35, 1.37
***WARNING*** CPU scaling is enabled, the benchmark real time measurements may be noisy and will incur extra overhead.
***WARNING*** Library was built as DEBUG. Timings may be affected.
-----------------------------------------------------
Benchmark           Time             CPU   Iterations
-----------------------------------------------------
[0;32mNoPrefix   [m[0;33m     0.000 ns        0.000 ns   [m[0;36m1000000000[m
[m[0;32mBM_Foo     [m[0;33m     0.000 ns        0.000 ns   [m[0;36m1000000000[m
[m[0;32mBM_Bar     [m[0;33m     0.000 ns        0.000 ns   [m[0;36m1000000000[m
[m[0;32mBM_FooBar  [m[0;33m     0.000 ns        0.000 ns   [m[0;36m1000000000[m
[m
<end of output>
Test time =   0.01 sec
----------------------------------------------------------
Test Passed.
"filter_regex_end_negative" end time: Feb 07 10:48 CET
"filter_regex_end_negative" time elapsed: 00:00:00
----------------------------------------------------------

56/89 Testing: filter_regex_end_negative_list_only
56/89 Test: filter_regex_end_negative_list_only
Command: "/home/mert/Hist-Tree/build/_deps/googlebenchmark-build/test/filter_test" "--benchmark_list_tests" "--benchmark_filter=-.*Ba$" "4"
Directory: /home/mert/Hist-Tree/build/_deps/googlebenchmark-build/test
"filter_regex_end_negative_list_only" start time: Feb 07 10:48 CET
Output:
----------------------------------------------------------
NoPrefix
BM_Foo
BM_Bar
BM_FooBar
<end of output>
Test time =   0.00 sec
----------------------------------------------------------
Test Passed.
"filter_regex_end_negative_list_only" end time: Feb 07 10:48 CET
"filter_regex_end_negative_list_only" time elapsed: 00:00:00
----------------------------------------------------------

57/89 Testing: options_benchmarks
57/89 Test: options_benchmarks
Command: "/home/mert/Hist-Tree/build/_deps/googlebenchmark-build/test/options_test" "--benchmark_min_time=0.01s"
Directory: /home/mert/Hist-Tree/build/_deps/googlebenchmark-build/test
"options_benchmarks" start time: Feb 07 10:48 CET
Output:
----------------------------------------------------------
2025-02-07T10:48:45+01:00
Running /home/mert/Hist-Tree/build/_deps/googlebenchmark-build/test/options_test
Run on (8 X 3400 MHz CPU s)
CPU Caches:
  L1 Data 32 KiB (x4)
  L1 Instruction 32 KiB (x4)
  L2 Unified 256 KiB (x4)
  L3 Unified 6144 KiB (x1)
Load Average: 1.79, 2.35, 1.37
***WARNING*** CPU scaling is enabled, the benchmark real time measurements may be noisy and will incur extra overhead.
***WARNING*** Library was built as DEBUG. Timings may be affected.
-----------------------------------------------------------------------------------------------
Benchmark                                                     Time             CPU   Iterations
-----------------------------------------------------------------------------------------------
BM_basic                                                  0.000 ns        0.000 ns   1000000000
BM_basic/42                                               0.000 ns        0.000 ns   1000000000
BM_basic_slow/10                                       10108994 ns        27688 ns           10
BM_basic_slow/100                                        100151 us         65.3 us            1
BM_basic_slow/1000                                         1000 ms        0.050 ms            1
BM_basic_slow/1000                                         1.00 s         0.000 s             1
BM_basic/1                                                0.000 ns        0.000 ns   1000000000
BM_basic/8                                                0.000 ns        0.000 ns   1000000000
BM_basic/1                                                0.000 ns        0.000 ns   1000000000
BM_basic/2                                                0.000 ns        0.000 ns   1000000000
BM_basic/4                                                0.000 ns        0.000 ns   1000000000
BM_basic/8                                                0.000 ns        0.000 ns   1000000000
BM_basic/10                                               0.000 ns        0.000 ns   1000000000
BM_basic/11                                               0.000 ns        0.000 ns   1000000000
BM_basic/12                                               0.000 ns        0.000 ns   1000000000
BM_basic/13                                               0.000 ns        0.000 ns   1000000000
BM_basic/14                                               0.000 ns        0.000 ns   1000000000
BM_basic/15                                               0.000 ns        0.000 ns   1000000000
BM_basic/42/42                                            0.000 ns        0.000 ns   1000000000
BM_basic/64/64                                            0.000 ns        0.000 ns   1000000000
BM_basic/512/64                                           0.000 ns        0.000 ns   1000000000
BM_basic/64/512                                           0.000 ns        0.000 ns   1000000000
BM_basic/512/512                                          0.000 ns        0.000 ns   1000000000
BM_basic/min_time:0.700                                   0.000 ns        0.000 ns   1000000000
BM_basic/min_warmup_time:0.800                            0.000 ns        0.000 ns   1000000000
BM_basic/min_time:0.100/min_warmup_time:0.200             0.000 ns        0.000 ns   1000000000
[...]
"BM_Complexity_O_N_RMS",,0.00314941,0.00315826,,,,,,
"BM_Complexity_O_N/1024",43332,345.573,345.605,ns,,,,,
"BM_Complexity_O_N/2048",19009,654.326,654.375,ns,,,,,
"BM_Complexity_O_N/4096",11135,1251.29,1251.31,ns,,,,,
"BM_Complexity_O_N/8192",5634,2491.83,2491.94,ns,,,,,
"BM_Complexity_O_N/16384",2884,4750.9,4751.01,ns,,,,,
"BM_Complexity_O_N/32768",1461,9566.53,9566.66,ns,,,,,
"BM_Complexity_O_N/65536",719,21350.4,21352.8,ns,,,,,
"BM_Complexity_O_N_BigO",,0.0202576,0.0202595,NlgN,,,,,
"BM_Complexity_O_N_RMS",,0.0419553,0.0419812,,,,,,
"BM_Complexity_O_N_log_N/1024",1941,8729.34,8721.55,ns,,,,,
"BM_Complexity_O_N_log_N/2048",730,17391.1,17393.4,ns,,,,,
"BM_Complexity_O_N_log_N/4096",331,42686.4,42692,ns,,,,,
"BM_Complexity_O_N_log_N/8192",143,96119.6,96127.3,ns,,,,,
"BM_Complexity_O_N_log_N/16384",45,224325,224328,ns,,,,,
"BM_Complexity_O_N_log_N/32768",23,530748,530774,ns,,,,,
"BM_Complexity_O_N_log_N/65536",6,1.67754e+06,1.67759e+06,ns,,,,,
"BM_Complexity_O_N_log_N_BigO",,1.48014,1.48019,NlgN,,,,,
"BM_Complexity_O_N_log_N_RMS",,0.274671,0.274661,,,,,,
"BM_Complexity_O_N_log_N/1024",1948,6947.75,6947.88,ns,,,,,
"BM_Complexity_O_N_log_N/2048",776,16631.4,16632,ns,,,,,
"BM_Complexity_O_N_log_N/4096",343,38813.2,38814.1,ns,,,,,
"BM_Complexity_O_N_log_N/8192",151,89538.2,89539.4,ns,,,,,
"BM_Complexity_O_N_log_N/16384",48,214639,214643,ns,,,,,
"BM_Complexity_O_N_log_N/32768",25,506297,506322,ns,,,,,
"BM_Complexity_O_N_log_N/65536",7,1.5561e+06,1.55613e+06,ns,,,,,
"BM_Complexity_O_N_log_N_BigO",,1.37894,1.37897,f(N),,,,,
"BM_Complexity_O_N_log_N_RMS",,0.258364,0.25835,,,,,,
"BM_Complexity_O_N_log_N/1024",1966,7055.67,7055.77,ns,,,,,
"BM_Complexity_O_N_log_N/2048",790,16497.1,16497.4,ns,,,,,
"BM_Complexity_O_N_log_N/4096",297,40053,40053.5,ns,,,,,
"BM_Complexity_O_N_log_N/8192",155,99384.3,99397.6,ns,,,,,
"BM_Complexity_O_N_log_N/16384",46,223974,223989,ns,,,,,
"BM_Complexity_O_N_log_N/32768",24,547233,547271,ns,,,,,
"BM_Complexity_O_N_log_N/65536",6,1.69044e+06,1.6905e+06,ns,,,,,
"BM_Complexity_O_N_log_N_BigO",,0.000402283,0.000402298,N^2,,,,,
"BM_Complexity_O_N_log_N_RMS",,0.187916,0.187932,,,,,,
"BM_ComplexityCaptureArgs/capture_test/1/3",8357241,1.67692,1.67696,ns,,,,,
"BM_ComplexityCaptureArgs/capture_test/2/3",8338048,1.68788,1.68794,ns,,,,,
"BM_ComplexityCaptureArgs/capture_test/1/4",8334221,1.67649,1.67652,ns,,,,,
"BM_ComplexityCaptureArgs/capture_test/2/4",8335179,1.77793,1.77812,ns,,,,,
"BM_ComplexityCaptureArgs/capture_test_BigO",,0.0170481,0.0170488,N,,,,,
"BM_ComplexityCaptureArgs/capture_test_RMS",,0.0249089,0.0249466,,,,,,

<end of output>
Test time =   1.40 sec
----------------------------------------------------------
Test Passed.
"complexity_benchmark" end time: Feb 07 10:48 CET
"complexity_benchmark" time elapsed: 00:00:01
----------------------------------------------------------

81/89 Testing: benchmark_gtest
81/89 Test: benchmark_gtest
Command: "/home/mert/Hist-Tree/build/_deps/googlebenchmark-build/test/benchmark_gtest"
Directory: /home/mert/Hist-Tree/build/_deps/googlebenchmark-build/test
"benchmark_gtest" start time: Feb 07 10:48 CET
Output:
----------------------------------------------------------
Running main() from gmock_main.cc
[==========] Running 20 tests from 2 test suites.
[----------] Global test environment set-up.
[----------] 18 tests from AddRangeTest
[ RUN      ] AddRangeTest.Simple
[       OK ] AddRangeTest.Simple (0 ms)
[ RUN      ] AddRangeTest.Simple64
[       OK ] AddRangeTest.Simple64 (0 ms)
[ RUN      ] AddRangeTest.Advanced
[       OK ] AddRangeTest.Advanced (0 ms)
[ RUN      ] AddRangeTest.Advanced64
[       OK ] AddRangeTest.Advanced64 (0 ms)
[ RUN      ] AddRangeTest.FullRange8
[       OK ] AddRangeTest.FullRange8 (0 ms)
[ RUN      ] AddRangeTest.FullRange64
[       OK ] AddRangeTest.FullRange64 (0 ms)
[ RUN      ] AddRangeTest.NegativeRanges
[       OK ] AddRangeTest.NegativeRanges (0 ms)
[ RUN      ] AddRangeTest.StrictlyNegative
[       OK ] AddRangeTest.StrictlyNegative (0 ms)
[ RUN      ] AddRangeTest.SymmetricNegativeRanges
[       OK ] AddRangeTest.SymmetricNegativeRanges (0 ms)
[ RUN      ] AddRangeTest.SymmetricNegativeRangesOddMult
[       OK ] AddRangeTest.SymmetricNegativeRangesOddMult (0 ms)
[ RUN      ] AddRangeTest.NegativeRangesAsymmetric
[       OK ] AddRangeTest.NegativeRangesAsymmetric (0 ms)
[ RUN      ] AddRangeTest.NegativeRangesLargeStep
[       OK ] AddRangeTest.NegativeRangesLargeStep (0 ms)
[ RUN      ] AddRangeTest.ZeroOnlyRange
[       OK ] AddRangeTest.ZeroOnlyRange (0 ms)
[ RUN      ] AddRangeTest.ZeroStartingRange
[       OK ] AddRangeTest.ZeroStartingRange (0 ms)
[ RUN      ] AddRangeTest.NegativeRange64
[       OK ] AddRangeTest.NegativeRange64 (0 ms)
[ RUN      ] AddRangeTest.NegativeRangePreservesExistingOrder
[       OK ] AddRangeTest.NegativeRangePreservesExistingOrder (0 ms)
[ RUN      ] AddRangeTest.FullNegativeRange64
[       OK ] AddRangeTest.FullNegativeRange64 (0 ms)
[ RUN      ] AddRangeTest.Simple8
[       OK ] AddRangeTest.Simple8 (0 ms)
[----------] 18 tests from AddRangeTest (0 ms total)

[----------] 2 tests from AddCustomContext
[ RUN      ] AddCustomContext.Simple
[       OK ] AddCustomContext.Simple (0 ms)
[ RUN      ] AddCustomContext.DuplicateKey
Failed to add custom context "foo" as it already exists with value "qux"
[       OK ] AddCustomContext.DuplicateKey (0 ms)
[----------] 2 tests from AddCustomContext (0 ms total)

[----------] Global test environment tear-down
[==========] 20 tests from 2 test suites ran. (0 ms total)
[  PASSED  ] 20 tests.
<end of output>
Test time =   0.02 sec
----------------------------------------------------------
Test Passed.
"benchmark_gtest" end time: Feb 07 10:48 CET
"benchmark_gtest" time elapsed: 00:00:00
----------------------------------------------------------

82/89 Testing: benchmark_name_gtest
82/89 Test: benchmark_name_gtest
Command: "/home/mert/Hist-Tree/build/_deps/googlebenchmark-build/test/benchmark_name_gtest"
Directory: /home/mert/Hist-Tree/build/_deps/googlebenchmark-build/test
"benchmark_name_gtest" start time: Feb 07 10:48 CET
Output:
----------------------------------------------------------
Running main() from gmock_main.cc
[==========] Running 10 tests from 1 test suite.
[----------] Global test environment set-up.
[----------] 10 tests from BenchmarkNameTest
[ RUN      ] BenchmarkNameTest.Empty
[       OK ] BenchmarkNameTest.Empty (0 ms)
[ RUN      ] BenchmarkNameTest.FunctionName
[       OK ] BenchmarkNameTest.FunctionName (0 ms)
[ RUN      ] BenchmarkNameTest.FunctionNameAndArgs
[       OK ] BenchmarkNameTest.FunctionNameAndArgs (0 ms)
[ RUN      ] BenchmarkNameTest.MinTime
[       OK ] BenchmarkNameTest.MinTime (0 ms)
[ RUN      ] BenchmarkNameTest.MinWarmUpTime
[       OK ] BenchmarkNameTest.MinWarmUpTime (0 ms)
[ RUN      ] BenchmarkNameTest.Iterations
[       OK ] BenchmarkNameTest.Iterations (0 ms)
[ RUN      ] BenchmarkNameTest.Repetitions
[       OK ] BenchmarkNameTest.Repetitions (0 ms)
[ RUN      ] BenchmarkNameTest.TimeType
[       OK ] BenchmarkNameTest.TimeType (0 ms)
[ RUN      ] BenchmarkNameTest.Threads
[       OK ] BenchmarkNameTest.Threads (0 ms)
[ RUN      ] BenchmarkNameTest.TestEmptyFunctionName
[       OK ] BenchmarkNameTest.TestEmptyFunctionName (0 ms)
[----------] 10 tests from BenchmarkNameTest (0 ms total)

[----------] Global test environment tear-down
[==========] 10 tests from 1 test suite ran. (0 ms total)
[  PASSED  ] 10 tests.
<end of output>
Test time =   0.01 sec
----------------------------------------------------------
Test Passed.
"benchmark_name_gtest" end time: Feb 07 10:48 CET
"benchmark_name_gtest" time elapsed: 00:00:00
----------------------------------------------------------

83/89 Testing: benchmark_random_interleaving_gtest
83/89 Test: benchmark_random_interleaving_gtest
Command: "/home/mert/Hist-Tree/build/_deps/googlebenchmark-build/test/benchmark_random_interleaving_gtest"
Directory: /home/mert/Hist-Tree/build/_deps/googlebenchmark-build/test
"benchmark_random_interleaving_gtest" start time: Feb 07 10:48 CET
Output:
----------------------------------------------------------
Running main() from gmock_main.cc
[==========] Running 3 tests from 1 test suite.
[----------] Global test environment set-up.
[----------] 3 tests from BenchmarkTest
[ RUN      ] BenchmarkTest.Match1
[       OK ] BenchmarkTest.Match1 (0 ms)
[ RUN      ] BenchmarkTest.Match1WithRepetition
[       OK ] BenchmarkTest.Match1WithRepetition (0 ms)
[ RUN      ] BenchmarkTest.Match1WithRandomInterleaving
[       OK ] BenchmarkTest.Match1WithRandomInterleaving (1 ms)
[----------] 3 tests from BenchmarkTest (2 ms total)

[----------] Global test environment tear-down
[==========] 3 tests from 1 test suite ran. (2 ms total)
[  PASSED  ] 3 tests.
<end of output>
Test time =   0.01 sec
----------------------------------------------------------
Test Passed.
"benchmark_random_interleaving_gtest" end time: Feb 07 10:48 CET
"benchmark_random_interleaving_gtest" time elapsed: 00:00:00
----------------------------------------------------------

84/89 Testing: commandlineflags_gtest
84/89 Test: commandlineflags_gtest
Command: "/home/mert/Hist-Tree/build/_deps/googlebenchmark-build/test/commandlineflags_gtest"
Directory: /home/mert/Hist-Tree/build/_deps/googlebenchmark-build/test
"commandlineflags_gtest" start time: Feb 07 10:48 CET
Output:
----------------------------------------------------------
Running main() from gmock_main.cc
[==========] Running 15 tests from 5 test suites.
[----------] Global test environment set-up.
[----------] 3 tests from BoolFromEnv
[ RUN      ] BoolFromEnv.Default
[       OK ] BoolFromEnv.Default (0 ms)
[ RUN      ] BoolFromEnv.False
[       OK ] BoolFromEnv.False (0 ms)
[ RUN      ] BoolFromEnv.True
[       OK ] BoolFromEnv.True (0 ms)
[----------] 3 tests from BoolFromEnv (0 ms total)

[----------] 3 tests from Int32FromEnv
[ RUN      ] Int32FromEnv.NotInEnv
[       OK ] Int32FromEnv.NotInEnv (0 ms)
[ RUN      ] Int32FromEnv.InvalidInteger
Environment variable IN_ENV is expected to be a 32-bit integer, but actually has value "foo".
[       OK ] Int32FromEnv.InvalidInteger (0 ms)
[ RUN      ] Int32FromEnv.ValidInteger
[       OK ] Int32FromEnv.ValidInteger (0 ms)
[----------] 3 tests from Int32FromEnv (0 ms total)

[----------] 3 tests from DoubleFromEnv
[ RUN      ] DoubleFromEnv.NotInEnv
[       OK ] DoubleFromEnv.NotInEnv (0 ms)
[ RUN      ] DoubleFromEnv.InvalidReal
Environment variable IN_ENV is expected to be a double, but actually has value "foo".
[       OK ] DoubleFromEnv.InvalidReal (0 ms)
[ RUN      ] DoubleFromEnv.ValidReal
[       OK ] DoubleFromEnv.ValidReal (0 ms)
[----------] 3 tests from DoubleFromEnv (0 ms total)

[----------] 2 tests from StringFromEnv
[ RUN      ] StringFromEnv.Default
[       OK ] StringFromEnv.Default (0 ms)
[ RUN      ] StringFromEnv.Valid
[       OK ] StringFromEnv.Valid (0 ms)
[----------] 2 tests from StringFromEnv (0 ms total)

[----------] 4 tests from KvPairsFromEnv
[ RUN      ] KvPairsFromEnv.Default
[       OK ] KvPairsFromEnv.Default (0 ms)
[ RUN      ] KvPairsFromEnv.MalformedReturnsDefault
Environment variable IN_ENV is expected to be a comma-separated list of <key>=<value> strings, but actually has value "foo".
[       OK ] KvPairsFromEnv.MalformedReturnsDefault (0 ms)
[ RUN      ] KvPairsFromEnv.Single
[       OK ] KvPairsFromEnv.Single (0 ms)
[ RUN      ] KvPairsFromEnv.Multiple
[       OK ] KvPairsFromEnv.Multiple (0 ms)
[----------] 4 tests from KvPairsFromEnv (0 ms total)

[----------] Global test environment tear-down
[==========] 15 tests from 5 test suites ran. (0 ms total)
[  PASSED  ] 15 tests.
<end of output>
Test time =   0.01 sec
----------------------------------------------------------
Test Passed.
"commandlineflags_gtest" end time: Feb 07 10:48 CET
"commandlineflags_gtest" time elapsed: 00:00:00
----------------------------------------------------------

85/89 Testing: statistics_gtest
85/89 Test: statistics_gtest
Command: "/home/mert/Hist-Tree/build/_deps/googlebenchmark-build/test/statistics_gtest"
Directory: /home/mert/Hist-Tree/build/_deps/googlebenchmark-build/test
"statistics_gtest" start time: Feb 07 10:48 CET
Output:
----------------------------------------------------------
Running main() from gmock_main.cc
[==========] Running 4 tests from 1 test suite.
[----------] Global test environment set-up.
[----------] 4 tests from StatisticsTest
[ RUN      ] StatisticsTest.Mean
[       OK ] StatisticsTest.Mean (0 ms)
[ RUN      ] StatisticsTest.Median
[       OK ] StatisticsTest.Median (0 ms)
[ RUN      ] StatisticsTest.StdDev
[       OK ] StatisticsTest.StdDev (0 ms)
[ RUN      ] StatisticsTest.CV
[       OK ] StatisticsTest.CV (0 ms)
[----------] 4 tests from StatisticsTest (0 ms total)

[----------] Global test environment tear-down
[==========] 4 tests from 1 test suite ran. (0 ms total)
[  PASSED  ] 4 tests.
<end of output>
Test time =   0.01 sec
----------------------------------------------------------
Test Passed.
"statistics_gtest" end time: Feb 07 10:48 CET
"statistics_gtest" time elapsed: 00:00:00
----------------------------------------------------------

86/89 Testing: string_util_gtest
86/89 Test: string_util_gtest
Command: "/home/mert/Hist-Tree/build/_deps/googlebenchmark-build/test/string_util_gtest"
Directory: /home/mert/Hist-Tree/build/_deps/googlebenchmark-build/test
"string_util_gtest" start time: Feb 07 10:48 CET
Output:
----------------------------------------------------------
Running main() from gmock_main.cc
[==========] Running 4 tests from 1 test suite.
[----------] Global test environment set-up.
[----------] 4 tests from StringUtilTest
[ RUN      ] StringUtilTest.stoul
[       OK ] StringUtilTest.stoul (0 ms)
[ RUN      ] StringUtilTest.stoi
[       OK ] StringUtilTest.stoi (0 ms)
[ RUN      ] StringUtilTest.stod
[       OK ] StringUtilTest.stod (0 ms)
[ RUN      ] StringUtilTest.StrSplit
[       OK ] StringUtilTest.StrSplit (0 ms)
[----------] 4 tests from StringUtilTest (0 ms total)

[----------] Global test environment tear-down
[==========] 4 tests from 1 test suite ran. (0 ms total)
[  PASSED  ] 4 tests.
<end of output>
Test time =   0.01 sec
----------------------------------------------------------
Test Passed.
"string_util_gtest" end time: Feb 07 10:48 CET
"string_util_gtest" time elapsed: 00:00:00
----------------------------------------------------------

87/89 Testing: perf_counters_gtest
87/89 Test: perf_counters_gtest
Command: "/home/mert/Hist-Tree/build/_deps/googlebenchmark-build/test/perf_counters_gtest"
Directory: /home/mert/Hist-Tree/build/_deps/googlebenchmark-build/test
"perf_counters_gtest" start time: Feb 07 10:48 CET
Output:
----------------------------------------------------------
Running main() from gmock_main.cc
[==========] Running 9 tests from 1 test suite.
[----------] Global test environment set-up.
[----------] 9 tests from PerfCountersTest
[ RUN      ] PerfCountersTest.Init
[       OK ] PerfCountersTest.Init (0 ms)
[ RUN      ] PerfCountersTest.OneCounter
/home/mert/Hist-Tree/build/_deps/googlebenchmark-src/test/perf_counters_gtest.cc:29: Skipped
Performance counters not supported.

[  SKIPPED ] PerfCountersTest.OneCounter (0 ms)
[ RUN      ] PerfCountersTest.NegativeTest
[       OK ] PerfCountersTest.NegativeTest (0 ms)
[ RUN      ] PerfCountersTest.Read1Counter
/home/mert/Hist-Tree/build/_deps/googlebenchmark-src/test/perf_counters_gtest.cc:86: Skipped
Test skipped because libpfm is not supported.

[  SKIPPED ] PerfCountersTest.Read1Counter (0 ms)
[ RUN      ] PerfCountersTest.Read2Counters
/home/mert/Hist-Tree/build/_deps/googlebenchmark-src/test/perf_counters_gtest.cc:102: Skipped
Test skipped because libpfm is not supported.

[  SKIPPED ] PerfCountersTest.Read2Counters (0 ms)
[ RUN      ] PerfCountersTest.ReopenExistingCounters
/home/mert/Hist-Tree/build/_deps/googlebenchmark-src/test/perf_counters_gtest.cc:122: Skipped
Test skipped because libpfm is not supported.

[  SKIPPED ] PerfCountersTest.ReopenExistingCounters (0 ms)
[ RUN      ] PerfCountersTest.CreateExistingMeasurements
/home/mert/Hist-Tree/build/_deps/googlebenchmark-src/test/perf_counters_gtest.cc:142: Skipped
Test skipped because libpfm is not supported.

[  SKIPPED ] PerfCountersTest.CreateExistingMeasurements (0 ms)
[ RUN      ] PerfCountersTest.MultiThreaded
/home/mert/Hist-Tree/build/_deps/googlebenchmark-src/test/perf_counters_gtest.cc:238: Skipped
Test skipped because libpfm is not supported.
[  SKIPPED ] PerfCountersTest.MultiThreaded (0 ms)
[ RUN      ] PerfCountersTest.HardwareLimits
/home/mert/Hist-Tree/build/_deps/googlebenchmark-src/test/perf_counters_gtest.cc:272: Skipped
Test skipped because libpfm is not supported.

[  SKIPPED ] PerfCountersTest.HardwareLimits (0 ms)
[----------] 9 tests from PerfCountersTest (0 ms total)

[----------] Global test environment tear-down
[==========] 9 tests from 1 test suite ran. (0 ms total)
[  PASSED  ] 2 tests.
[  SKIPPED ] 7 tests, listed below:
[  SKIPPED ] PerfCountersTest.OneCounter
[  SKIPPED ] PerfCountersTest.Read1Counter
[  SKIPPED ] PerfCountersTest.Read2Counters
[  SKIPPED ] PerfCountersTest.ReopenExistingCounters
[  SKIPPED ] PerfCountersTest.CreateExistingMeasurements
[  SKIPPED ] PerfCountersTest.MultiThreaded
[  SKIPPED ] PerfCountersTest.HardwareLimits
<end of output>
Test time =   0.01 sec
----------------------------------------------------------
Test Passed.
"perf_counters_gtest" end time: Feb 07 10:48 CET
"perf_counters_gtest" time elapsed: 00:00:00
----------------------------------------------------------

88/89 Testing: time_unit_gtest
88/89 Test: time_unit_gtest
Command: "/home/mert/Hist-Tree/build/_deps/googlebenchmark-build/test/time_unit_gtest"
Directory: /home/mert/Hist-Tree/build/_deps/googlebenchmark-build/test
"time_unit_gtest" start time: Feb 07 10:48 CET
Output:
----------------------------------------------------------
Running main() from gmock_main.cc
[==========] Running 3 tests from 1 test suite.
[----------] Global test environment set-up.
[----------] 3 tests from DefaultTimeUnitTest
[ RUN      ] DefaultTimeUnitTest.TimeUnitIsNotSet
[       OK ] DefaultTimeUnitTest.TimeUnitIsNotSet (0 ms)
[ RUN      ] DefaultTimeUnitTest.DefaultIsSet
[       OK ] DefaultTimeUnitTest.DefaultIsSet (0 ms)
[ RUN      ] DefaultTimeUnitTest.DefaultAndExplicitUnitIsSet
[       OK ] DefaultTimeUnitTest.DefaultAndExplicitUnitIsSet (0 ms)
[----------] 3 tests from DefaultTimeUnitTest (0 ms total)

[----------] Global test environment tear-down
[==========] 3 tests from 1 test suite ran. (0 ms total)
[  PASSED  ] 3 tests.
<end of output>
Test time =   0.01 sec
----------------------------------------------------------
Test Passed.
"time_unit_gtest" end time: Feb 07 10:48 CET
"time_unit_gtest" time elapsed: 00:00:00
----------------------------------------------------------

89/89 Testing: min_time_parse_gtest
89/89 Test: min_time_parse_gtest
Command: "/home/mert/Hist-Tree/build/_deps/googlebenchmark-build/test/min_time_parse_gtest"
Directory: /home/mert/Hist-Tree/build/_deps/googlebenchmark-build/test
"min_time_parse_gtest" start time: Feb 07 10:48 CET
Output:
----------------------------------------------------------
Running main() from gmock_main.cc
[==========] Running 1 test from 1 test suite.
[----------] Global test environment set-up.
[----------] 1 test from ParseMinTimeTest
[ RUN      ] ParseMinTimeTest.InvalidInput
[       OK ] ParseMinTimeTest.InvalidInput (5179 ms)
[----------] 1 test from ParseMinTimeTest (5179 ms total)

[----------] Global test environment tear-down
[==========] 1 test from 1 test suite ran. (5179 ms total)
[  PASSED  ] 1 test.
<end of output>
Test time =   5.19 sec
----------------------------------------------------------
Test Passed.
"min_time_parse_gtest" end time: Feb 07 10:48 CET
"min_time_parse_gtest" time elapsed: 00:00:05
----------------------------------------------------------

End testing: Feb 07 10:48 CET
