<?xml version="1.0" encoding="UTF-8"?>
<Site BuildName="(empty)"
	BuildStamp="20250206-0904-Experimental"
	Name="(empty)"
	Generator="ctest-3.28.3"
	CompilerName=""
	CompilerVersion=""
	OSName="Linux"
	Hostname="mertslinuxsurface"
	OSRelease="6.8.0-52-generic"
	OSVersion="#53-Ubuntu SMP PREEMPT_DYNAMIC Sat Jan 11 00:06:25 UTC 2025"
	OSPlatform="x86_64"
	Is64Bits="1"
	VendorString="GenuineIntel"
	VendorID="Intel Corporation"
	FamilyID="6"
	ModelID="142"
	ProcessorCacheSize="6144"
	NumberOfLogicalCPU="8"
	NumberOfPhysicalCPU="4"
	TotalVirtualMemory="0"
	TotalPhysicalMemory="7857"
	LogicalProcessorsPerPhysical="2"
	ProcessorClockFrequency="899.993"
	>
	<Testing>
		<StartDateTime>Feb 06 18:48 CET</StartDateTime>
		<StartTestTime>1738864133</StartTestTime>
		<TestList/>
		<EndDateTime>Feb 06 18:48 CET</EndDateTime>
		<EndTestTime>1738864133</EndTestTime>
		<ElapsedMinutes>0</ElapsedMinutes>
	</Testing>
</Site>
